

[kever|log]: 2020-07-10 16:33:26 | load file...
[kever|error]: 2020-07-10 16:33:26 | TSError: тип Unable to compile TypeScript:
[96msrc/app/plugins/routeBeforePlugin.ts[0m:[93m9[0m:[93m50[0m - [91merror[0m[90m TS2551: [0mProperty 'router' does not exist on type 'typeof PluginType'. Did you mean 'route'?

[7m9[0m @registerPlugin('routerBeforePlugin', PluginType.router)
[7m [0m [91m                                                 ~~~~~~[0m

  [96mnode_modules/@kever/ioc/ioc.d.ts[0m:[93m42[0m:[93m5[0m
    [7m42[0m     route = 1,
    [7m  [0m [96m    ~~~~~[0m
    'route' is declared here.

[kever|error]: 2020-07-10 16:33:26 | routerBeforePlugin type property plugin no exists
[kever|log]: 2020-07-10 16:33:26 | load file done
[kever|log]: 2020-07-10 16:33:26 | server listening http://127.0.0.1:9000
[kever|log]: 2020-07-10 16:33:26 | server is running...

[kever|log]: 2020-07-10 16:34:01 | load file...
[kever|log]: 2020-07-10 16:34:01 | load file done
[kever|log]: 2020-07-10 16:34:01 | server listening http://127.0.0.1:9000
[kever|log]: 2020-07-10 16:34:01 | server is running...

[kever|log]: 2020-07-10 16:43:16 | load file...
[kever|log]: 2020-07-10 16:43:16 | load file done
[kever|log]: 2020-07-10 16:43:16 | server listening http://127.0.0.1:9000
[kever|log]: 2020-07-10 16:43:16 | server is running...

[kever|log]: 2020-07-10 16:55:31 | load file...
[kever|log]: 2020-07-10 16:55:31 | load file done
[kever|log]: 2020-07-10 16:55:31 | server listening http://127.0.0.1:9000
[kever|log]: 2020-07-10 16:55:31 | server is running...

[kever|log]: 2020-07-10 16:56:13 | load file...
[kever|log]: 2020-07-10 16:56:13 | load file done
[kever|log]: 2020-07-10 16:56:13 | server listening http://127.0.0.1:9000
[kever|log]: 2020-07-10 16:56:13 | server is running...

[kever|log]: 2020-07-10 16:56:35 | load file...
[kever|log]: 2020-07-10 16:56:35 | load file done
[kever|log]: 2020-07-10 16:56:35 | server listening http://127.0.0.1:9000
[kever|log]: 2020-07-10 16:56:35 | server is running...

[kever|log]: 2020-07-10 16:57:40 | load file...
[kever|log]: 2020-07-10 16:57:40 | load file done
[kever|log]: 2020-07-10 16:57:40 | server listening http://127.0.0.1:9000
[kever|log]: 2020-07-10 16:57:40 | server is running...

[kever|log]: 2020-07-10 16:58:18 | load file...
[kever|log]: 2020-07-10 16:58:18 | load file done
[kever|log]: 2020-07-10 16:58:18 | server listening http://127.0.0.1:9000
[kever|log]: 2020-07-10 16:58:18 | server is running...

[kever|log]: 2020-07-10 16:58:36 | load file...
[kever|log]: 2020-07-10 16:58:36 | load file done
[kever|log]: 2020-07-10 16:58:36 | server listening http://127.0.0.1:9000
[kever|log]: 2020-07-10 16:58:36 | server is running...

[kever|log]: 2020-07-10 17:00:05 | load file...
[kever|log]: 2020-07-10 17:00:06 | load file done
[kever|log]: 2020-07-10 17:00:06 | server listening http://127.0.0.1:9000
[kever|log]: 2020-07-10 17:00:06 | server is running...

[kever|log]: 2020-07-10 17:00:05 | load file...
[kever|log]: 2020-07-10 17:00:06 | load file done
[kever|log]: 2020-07-10 17:00:06 | server listening http://127.0.0.1:9000
[kever|log]: 2020-07-10 17:00:06 | server is running...
[kever|error]: 2020-07-10 17:00:07 | ReferenceError: name is not defined

[kever|log]: 2020-07-10 17:00:05 | load file...
[kever|log]: 2020-07-10 17:00:06 | load file done
[kever|log]: 2020-07-10 17:00:06 | server listening http://127.0.0.1:9000
[kever|log]: 2020-07-10 17:00:06 | server is running...
[kever|error]: 2020-07-10 17:00:07 | ReferenceError: name is not defined
[kever|error]: 2020-07-10 17:00:08 | ReferenceError: name is not defined

[kever|log]: 2020-07-10 17:00:05 | load file...
[kever|log]: 2020-07-10 17:00:06 | load file done
[kever|log]: 2020-07-10 17:00:06 | server listening http://127.0.0.1:9000
[kever|log]: 2020-07-10 17:00:06 | server is running...
[kever|error]: 2020-07-10 17:00:07 | ReferenceError: name is not defined
[kever|error]: 2020-07-10 17:00:08 | ReferenceError: name is not defined
[kever|error]: 2020-07-10 17:00:18 | ReferenceError: name is not defined

[kever|log]: 2020-07-10 17:00:23 | load file...
[kever|log]: 2020-07-10 17:00:23 | load file done
[kever|log]: 2020-07-10 17:00:23 | server listening http://127.0.0.1:9000
[kever|log]: 2020-07-10 17:00:23 | server is running...

[kever|log]: 2020-07-10 17:00:58 | load file...
[kever|log]: 2020-07-10 17:00:59 | load file done
[kever|log]: 2020-07-10 17:00:59 | server listening http://127.0.0.1:9000
[kever|log]: 2020-07-10 17:00:59 | server is running...

[kever|log]: 2020-07-10 17:04:08 | load file...
[kever|log]: 2020-07-10 17:04:09 | load file done
[kever|log]: 2020-07-10 17:04:09 | server listening http://127.0.0.1:9000
[kever|log]: 2020-07-10 17:04:09 | server is running...

[kever|log]: 2020-07-10 17:04:57 | load file...
[kever|log]: 2020-07-10 17:04:57 | load file done
[kever|log]: 2020-07-10 17:04:57 | server listening http://127.0.0.1:9000
[kever|log]: 2020-07-10 17:04:57 | server is running...

[kever|log]: 2020-07-10 17:08:02 | load file...
[kever|log]: 2020-07-10 17:08:03 | load file done
[kever|log]: 2020-07-10 17:08:03 | server listening http://127.0.0.1:9000
[kever|log]: 2020-07-10 17:08:03 | server is running...

[kever|log]: 2020-07-10 17:08:24 | load file...
[kever|log]: 2020-07-10 17:08:24 | load file done
[kever|log]: 2020-07-10 17:08:24 | server listening http://127.0.0.1:9000
[kever|log]: 2020-07-10 17:08:24 | server is running...

[kever|log]: 2020-07-10 17:09:24 | load file...
[kever|log]: 2020-07-10 17:09:25 | load file done
[kever|log]: 2020-07-10 17:09:25 | server listening http://127.0.0.1:9000
[kever|log]: 2020-07-10 17:09:25 | server is running...

[kever|log]: 2020-07-10 17:11:12 | load file...
[kever|log]: 2020-07-10 17:11:13 | load file done
[kever|log]: 2020-07-10 17:11:13 | server listening http://127.0.0.1:9000
[kever|log]: 2020-07-10 17:11:13 | server is running...

[kever|log]: 2020-07-10 17:11:29 | load file...
[kever|log]: 2020-07-10 17:11:29 | load file done
[kever|log]: 2020-07-10 17:11:29 | server listening http://127.0.0.1:9000
[kever|log]: 2020-07-10 17:11:29 | server is running...

[kever|log]: 2020-07-10 17:11:56 | load file...
[kever|log]: 2020-07-10 17:11:57 | load file done
[kever|log]: 2020-07-10 17:11:57 | server listening http://127.0.0.1:9000
[kever|log]: 2020-07-10 17:11:57 | server is running...

[kever|log]: 2020-07-10 17:12:30 | load file...
[kever|log]: 2020-07-10 17:12:30 | load file done
[kever|log]: 2020-07-10 17:12:30 | server listening http://127.0.0.1:9000
[kever|log]: 2020-07-10 17:12:30 | server is running...

[kever|log]: 2020-07-10 17:12:45 | load file...
[kever|log]: 2020-07-10 17:12:45 | load file done
[kever|log]: 2020-07-10 17:12:45 | server listening http://127.0.0.1:9000
[kever|log]: 2020-07-10 17:12:45 | server is running...

[kever|log]: 2020-07-10 17:13:31 | load file...
[kever|log]: 2020-07-10 17:13:31 | load file done
[kever|log]: 2020-07-10 17:13:31 | server listening http://127.0.0.1:9000
[kever|log]: 2020-07-10 17:13:31 | server is running...

[kever|log]: 2020-07-10 17:13:45 | load file...
[kever|log]: 2020-07-10 17:13:45 | load file done
[kever|log]: 2020-07-10 17:13:45 | server listening http://127.0.0.1:9000
[kever|log]: 2020-07-10 17:13:45 | server is running...

[kever|log]: 2020-07-10 17:14:06 | load file...
[kever|log]: 2020-07-10 17:14:06 | load file done
[kever|log]: 2020-07-10 17:14:06 | server listening http://127.0.0.1:9000
[kever|log]: 2020-07-10 17:14:06 | server is running...

[kever|log]: 2020-07-10 17:14:53 | load file...
[kever|log]: 2020-07-10 17:14:53 | load file done
[kever|log]: 2020-07-10 17:14:53 | server listening http://127.0.0.1:9000
[kever|log]: 2020-07-10 17:14:53 | server is running...

[kever|log]: 2020-07-10 17:15:44 | load file...
[kever|log]: 2020-07-10 17:15:44 | load file done
[kever|log]: 2020-07-10 17:15:44 | server listening http://127.0.0.1:9000
[kever|log]: 2020-07-10 17:15:44 | server is running...

[kever|log]: 2020-07-10 17:16:32 | load file...
[kever|log]: 2020-07-10 17:16:32 | load file done
[kever|log]: 2020-07-10 17:16:32 | server listening http://127.0.0.1:9000
[kever|log]: 2020-07-10 17:16:32 | server is running...

[kever|log]: 2020-07-10 17:16:48 | load file...
[kever|log]: 2020-07-10 17:16:48 | load file done
[kever|log]: 2020-07-10 17:16:48 | server listening http://127.0.0.1:9000
[kever|log]: 2020-07-10 17:16:48 | server is running...

[kever|log]: 2020-07-10 17:18:41 | load file...
[kever|log]: 2020-07-10 17:18:42 | load file done
[kever|log]: 2020-07-10 17:18:42 | server listening http://127.0.0.1:9000
[kever|log]: 2020-07-10 17:18:42 | server is running...

[kever|log]: 2020-07-10 17:18:58 | load file...
[kever|log]: 2020-07-10 17:18:59 | load file done
[kever|log]: 2020-07-10 17:18:59 | server listening http://127.0.0.1:9000
[kever|log]: 2020-07-10 17:18:59 | server is running...

[kever|log]: 2020-07-10 17:38:26 | load file...
[kever|error]: 2020-07-10 17:38:26 | TypeError: decorator is not a function
[kever|log]: 2020-07-10 17:38:26 | load file done
[kever|log]: 2020-07-10 17:38:26 | server listening http://127.0.0.1:9000
[kever|log]: 2020-07-10 17:38:26 | server is running...

[kever|log]: 2020-07-10 17:38:57 | load file...
[kever|log]: 2020-07-10 17:38:57 | load file done
[kever|log]: 2020-07-10 17:38:57 | server listening http://127.0.0.1:9000
[kever|log]: 2020-07-10 17:38:57 | server is running...

[kever|log]: 2020-07-10 17:38:57 | load file...
[kever|log]: 2020-07-10 17:38:57 | load file done
[kever|log]: 2020-07-10 17:38:57 | server listening http://127.0.0.1:9000
[kever|log]: 2020-07-10 17:38:57 | server is running...
[kever|error]: 2020-07-10 17:38:59 | ReferenceError: name is not defined

[kever|log]: 2020-07-10 17:38:57 | load file...
[kever|log]: 2020-07-10 17:38:57 | load file done
[kever|log]: 2020-07-10 17:38:57 | server listening http://127.0.0.1:9000
[kever|log]: 2020-07-10 17:38:57 | server is running...
[kever|error]: 2020-07-10 17:38:59 | ReferenceError: name is not defined
[kever|error]: 2020-07-10 17:39:00 | ReferenceError: name is not defined

[kever|log]: 2020-07-10 17:39:21 | load file...
[kever|log]: 2020-07-10 17:39:22 | load file done
[kever|log]: 2020-07-10 17:39:22 | server listening http://127.0.0.1:9000
[kever|log]: 2020-07-10 17:39:22 | server is running...

[kever|log]: 2020-07-10 17:39:21 | load file...
[kever|log]: 2020-07-10 17:39:22 | load file done
[kever|log]: 2020-07-10 17:39:22 | server listening http://127.0.0.1:9000
[kever|log]: 2020-07-10 17:39:22 | server is running...
[kever|error]: 2020-07-10 17:39:23 | ReferenceError: ctx is not defined

[kever|log]: 2020-07-10 17:39:21 | load file...
[kever|log]: 2020-07-10 17:39:22 | load file done
[kever|log]: 2020-07-10 17:39:22 | server listening http://127.0.0.1:9000
[kever|log]: 2020-07-10 17:39:22 | server is running...
[kever|error]: 2020-07-10 17:39:23 | ReferenceError: ctx is not defined
[kever|error]: 2020-07-10 17:39:34 | ReferenceError: ctx is not defined

[kever|log]: 2020-07-10 17:40:07 | load file...
[kever|log]: 2020-07-10 17:40:08 | load file done
[kever|log]: 2020-07-10 17:40:08 | server listening http://127.0.0.1:9000
[kever|log]: 2020-07-10 17:40:08 | server is running...

[kever|log]: 2020-07-10 17:40:44 | load file...
[kever|error]: 2020-07-10 17:40:44 | TypeError: decorator is not a function
[kever|log]: 2020-07-10 17:40:44 | load file done
[kever|log]: 2020-07-10 17:40:44 | server listening http://127.0.0.1:9000
[kever|log]: 2020-07-10 17:40:44 | server is running...

[kever|log]: 2020-07-10 17:47:56 | load file...
[kever|error]: 2020-07-10 17:47:56 | TypeError: pluginSet.set is not a function
[kever|log]: 2020-07-10 17:47:56 | load file done
[kever|log]: 2020-07-10 17:47:56 | server listening http://127.0.0.1:9000
[kever|log]: 2020-07-10 17:47:56 | server is running...

[kever|log]: 2020-07-10 17:48:19 | load file...
[kever|log]: 2020-07-10 17:48:20 | load file done
[kever|log]: 2020-07-10 17:48:20 | server listening http://127.0.0.1:9000
[kever|log]: 2020-07-10 17:48:20 | server is running...

[kever|log]: 2020-07-10 17:48:19 | load file...
[kever|log]: 2020-07-10 17:48:20 | load file done
[kever|log]: 2020-07-10 17:48:20 | server listening http://127.0.0.1:9000
[kever|log]: 2020-07-10 17:48:20 | server is running...
[kever|error]: 2020-07-10 17:48:21 | TypeError: pluginSet is not iterable

[kever|log]: 2020-07-10 17:49:15 | load file...
[kever|log]: 2020-07-10 17:49:16 | load file done
[kever|log]: 2020-07-10 17:49:16 | server listening http://127.0.0.1:9000
[kever|log]: 2020-07-10 17:49:16 | server is running...

[kever|log]: 2020-07-10 17:49:15 | load file...
[kever|log]: 2020-07-10 17:49:16 | load file done
[kever|log]: 2020-07-10 17:49:16 | server listening http://127.0.0.1:9000
[kever|log]: 2020-07-10 17:49:16 | server is running...
[kever|error]: 2020-07-10 17:49:18 | TypeError: pluginSet is not iterable

[kever|log]: 2020-07-10 17:49:50 | load file...
[kever|log]: 2020-07-10 17:49:50 | load file done
[kever|log]: 2020-07-10 17:49:50 | server listening http://127.0.0.1:9000
[kever|log]: 2020-07-10 17:49:50 | server is running...

[kever|log]: 2020-07-10 17:50:05 | load file...
[kever|log]: 2020-07-10 17:50:05 | load file done
[kever|log]: 2020-07-10 17:50:05 | server listening http://127.0.0.1:9000
[kever|log]: 2020-07-10 17:50:05 | server is running...

[kever|log]: 2020-07-10 17:50:05 | load file...
[kever|log]: 2020-07-10 17:50:05 | load file done
[kever|log]: 2020-07-10 17:50:05 | server listening http://127.0.0.1:9000
[kever|log]: 2020-07-10 17:50:05 | server is running...
[kever|error]: 2020-07-10 17:50:06 | TypeError: pluginSet is not iterable

[kever|log]: 2020-07-10 17:52:59 | load file...
[kever|log]: 2020-07-10 17:53:00 | load file done
[kever|log]: 2020-07-10 17:53:00 | server listening http://127.0.0.1:9000
[kever|log]: 2020-07-10 17:53:00 | server is running...

[kever|log]: 2020-07-10 17:52:59 | load file...
[kever|log]: 2020-07-10 17:53:00 | load file done
[kever|log]: 2020-07-10 17:53:00 | server listening http://127.0.0.1:9000
[kever|log]: 2020-07-10 17:53:00 | server is running...
[kever|error]: 2020-07-10 17:53:01 | TypeError: pluginSet is not iterable

[kever|log]: 2020-07-10 18:09:29 | load file...
[kever|log]: 2020-07-10 18:09:29 | load file done

[kever|log]: 2020-07-10 18:09:59 | load file...
[kever|log]: 2020-07-10 18:09:59 | load file done

[kever|log]: 2020-07-10 18:10:51 | load file...
[kever|log]: 2020-07-10 18:10:51 | load file done
[kever|log]: 2020-07-10 18:10:51 | server listening http://127.0.0.1:9000
[kever|log]: 2020-07-10 18:10:51 | server is running...

[kever|log]: 2020-07-10 18:11:24 | load file...
[kever|log]: 2020-07-10 18:11:24 | load file done
[kever|log]: 2020-07-10 18:11:24 | server listening http://127.0.0.1:9000
[kever|log]: 2020-07-10 18:11:24 | server is running...

[kever|log]: 2020-07-10 18:13:36 | load file...
[kever|log]: 2020-07-10 18:13:37 | load file done
[kever|log]: 2020-07-10 18:13:37 | server listening http://127.0.0.1:9000
[kever|log]: 2020-07-10 18:13:37 | server is running...

[kever|log]: 2020-07-10 18:15:02 | load file...
[kever|log]: 2020-07-10 18:15:02 | load file done
[kever|log]: 2020-07-10 18:15:02 | server listening http://127.0.0.1:9000
[kever|log]: 2020-07-10 18:15:02 | server is running...

[kever|log]: 2020-07-10 18:15:45 | load file...
[kever|log]: 2020-07-10 18:15:46 | load file done
[kever|log]: 2020-07-10 18:15:46 | server listening http://127.0.0.1:9000
[kever|log]: 2020-07-10 18:15:46 | server is running...

[kever|log]: 2020-07-10 18:16:03 | load file...
[kever|log]: 2020-07-10 18:16:03 | load file done
[kever|log]: 2020-07-10 18:16:03 | server listening http://127.0.0.1:9000
[kever|log]: 2020-07-10 18:16:03 | server is running...

[kever|log]: 2020-07-10 18:16:03 | load file...
[kever|log]: 2020-07-10 18:16:03 | load file done
[kever|log]: 2020-07-10 18:16:03 | server listening http://127.0.0.1:9000
[kever|log]: 2020-07-10 18:16:03 | server is running...
[kever|error]: 2020-07-10 18:16:05 | TypeError: Cannot set property 'body' of undefined

[kever|log]: 2020-07-10 19:19:08 | load file...
[kever|log]: 2020-07-10 19:19:09 | load file done
[kever|log]: 2020-07-10 19:19:09 | server listening http://127.0.0.1:9000
[kever|log]: 2020-07-10 19:19:09 | server is running...

[kever|log]: 2020-07-10 19:19:54 | load file...
[kever|log]: 2020-07-10 19:19:54 | load file done
[kever|log]: 2020-07-10 19:19:54 | server listening http://127.0.0.1:9000
[kever|log]: 2020-07-10 19:19:54 | server is running...

[kever|log]: 2020-07-10 19:20:07 | load file...
[kever|log]: 2020-07-10 19:20:08 | load file done
[kever|log]: 2020-07-10 19:20:08 | server listening http://127.0.0.1:9000
[kever|log]: 2020-07-10 19:20:08 | server is running...

[kever|log]: 2020-07-10 19:20:19 | load file...
[kever|log]: 2020-07-10 19:20:19 | load file done
[kever|log]: 2020-07-10 19:20:19 | server listening http://127.0.0.1:9000
[kever|log]: 2020-07-10 19:20:19 | server is running...

[kever|log]: 2020-07-10 19:20:57 | load file...
[kever|log]: 2020-07-10 19:20:57 | load file done
[kever|log]: 2020-07-10 19:20:57 | server listening http://127.0.0.1:9000
[kever|log]: 2020-07-10 19:20:57 | server is running...

[kever|log]: 2020-07-10 19:21:16 | load file...
[kever|log]: 2020-07-10 19:21:17 | load file done
[kever|log]: 2020-07-10 19:21:17 | server listening http://127.0.0.1:9000
[kever|log]: 2020-07-10 19:21:17 | server is running...

[kever|log]: 2020-07-10 19:21:29 | load file...
[kever|log]: 2020-07-10 19:21:30 | load file done
[kever|log]: 2020-07-10 19:21:30 | server listening http://127.0.0.1:9000
[kever|log]: 2020-07-10 19:21:30 | server is running...

[kever|log]: 2020-07-10 19:21:42 | load file...
[kever|log]: 2020-07-10 19:21:43 | load file done
[kever|log]: 2020-07-10 19:21:43 | server listening http://127.0.0.1:9000
[kever|log]: 2020-07-10 19:21:43 | server is running...

[kever|log]: 2020-07-10 19:21:55 | load file...
[kever|log]: 2020-07-10 19:21:56 | load file done
[kever|log]: 2020-07-10 19:21:56 | server listening http://127.0.0.1:9000
[kever|log]: 2020-07-10 19:21:56 | server is running...

[kever|log]: 2020-07-10 19:49:27 | load file...
[kever|error]: 2020-07-10 19:49:27 | TSError: тип Unable to compile TypeScript:
[96msrc/app/plugins/globalPlugin.ts[0m:[93m6[0m:[93m9[0m - [91merror[0m[90m TS2416: [0mProperty 'ready' in type 'RoutePlugin' is not assignable to the same property in base type 'BasePlugin'.
  Type '(ctx: Context, next: Next) => Promise<void>' is not assignable to type '{ (raw: Function | AsyncGeneratorFunction, ctx: Context, next: Next): unknown; (raw: Function | AsyncGeneratorFunction, ctx: Context, next: Next): Promise<...>; (...args: any[]): unknown; (...args: any[]): Promise<...>; }'.
    Types of parameters 'ctx' and 'raw' are incompatible.
      Type 'Function | AsyncGeneratorFunction' is not assignable to type 'Context'.
        Type 'Function' is missing the following properties from type 'Context': app, request, response, req, and 53 more.

[7m6[0m   async ready(ctx: Context, next: Next) {
[7m [0m [91m        ~~~~~[0m

[kever|error]: 2020-07-10 19:49:28 | TSError: тип Unable to compile TypeScript:
[96msrc/app/plugins/routeBeforePlugin.ts[0m:[93m14[0m:[93m9[0m - [91merror[0m[90m TS2416: [0mProperty 'ready' in type 'RoutePlugin' is not assignable to the same property in base type 'BasePlugin'.
  Type '(ctx: Context, next: Next) => Promise<void>' is not assignable to type '{ (raw: Function | AsyncGeneratorFunction, ctx: Context, next: Next): unknown; (raw: Function | AsyncGeneratorFunction, ctx: Context, next: Next): Promise<...>; (...args: any[]): unknown; (...args: any[]): Promise<...>; }'.
    Types of parameters 'ctx' and 'raw' are incompatible.
      Type 'Function | AsyncGeneratorFunction' is not assignable to type 'Context'.
        Type 'Function' is missing the following properties from type 'Context': routerAfter, routerBefore, app, request, and 55 more.

[7m14[0m   async ready(ctx: Context, next: Next) {
[7m  [0m [91m        ~~~~~[0m

[kever|error]: 2020-07-10 19:49:28 | TSError: тип Unable to compile TypeScript:
[96msrc/app/controllers/index.ts[0m:[93m6[0m:[93m3[0m - [91merror[0m[90m TS2724: [0mModule '"../../../node_modules/@kever/ioc/ioc"' has no exported member 'AopRouter'. Did you mean 'AopRoute'?

[7m6[0m   AopRouter,
[7m [0m [91m  ~~~~~~~~~[0m

  [96mnode_modules/@kever/ioc/ioc.d.ts[0m:[93m4[0m:[93m27[0m
    [7m4[0m export declare const enum AopRoute {
    [7m [0m [96m                          ~~~~~~~~[0m
    'AopRoute' is declared here.

[kever|log]: 2020-07-10 19:49:28 | load file done
[kever|log]: 2020-07-10 19:49:28 | server listening http://127.0.0.1:9000
[kever|log]: 2020-07-10 19:49:28 | server is running...