

[kever|log]: 2020-06-27 16:54:55 | load file...
[kever|log]: 2020-06-27 16:54:56 | load file done
[kever|log]: 2020-06-27 16:54:56 | server listening http://127.0.0.1:9000
[kever|log]: 2020-06-27 16:54:56 | server is running...

[kever|log]: 2020-06-27 16:55:56 | load file...
[kever|log]: 2020-06-27 16:55:56 | load file done
[kever|log]: 2020-06-27 16:55:56 | server listening http://127.0.0.1:9000
[kever|log]: 2020-06-27 16:55:56 | server is running...

[kever|log]: 2020-06-27 16:56:22 | load file...
[kever|log]: 2020-06-27 16:56:22 | load file done
[kever|log]: 2020-06-27 16:56:22 | server listening http://127.0.0.1:9000
[kever|log]: 2020-06-27 16:56:22 | server is running...

[kever|log]: 2020-06-27 17:05:01 | load file...
[kever|log]: 2020-06-27 17:05:01 | load file done
[kever|log]: 2020-06-27 17:05:01 | server listening http://127.0.0.1:9000
[kever|log]: 2020-06-27 17:05:01 | server is running...

[kever|log]: 2020-06-27 17:06:06 | load file...
[kever|log]: 2020-06-27 17:06:06 | load file done
[kever|log]: 2020-06-27 17:06:06 | server listening http://127.0.0.1:9000
[kever|log]: 2020-06-27 17:06:06 | server is running...

[kever|log]: 2020-06-27 17:06:36 | load file...
[kever|log]: 2020-06-27 17:06:36 | load file done
[kever|log]: 2020-06-27 17:06:36 | server listening http://127.0.0.1:9000
[kever|log]: 2020-06-27 17:06:36 | server is running...

[kever|log]: 2020-06-27 17:08:08 | load file...
[kever|log]: 2020-06-27 17:08:09 | load file done
[kever|log]: 2020-06-27 17:08:09 | server listening http://127.0.0.1:9000
[kever|log]: 2020-06-27 17:08:09 | server is running...

[kever|log]: 2020-06-27 17:08:44 | load file...
[kever|log]: 2020-06-27 17:08:44 | load file done
[kever|log]: 2020-06-27 17:08:44 | server listening http://127.0.0.1:9000
[kever|log]: 2020-06-27 17:08:44 | server is running...

[kever|log]: 2020-06-27 17:09:03 | load file...
[kever|log]: 2020-06-27 17:09:03 | load file done
[kever|log]: 2020-06-27 17:09:03 | server listening http://127.0.0.1:9000
[kever|log]: 2020-06-27 17:09:03 | server is running...

[kever|log]: 2020-06-27 17:09:32 | load file...
[kever|log]: 2020-06-27 17:09:32 | load file done
[kever|log]: 2020-06-27 17:09:32 | server listening http://127.0.0.1:9000
[kever|log]: 2020-06-27 17:09:32 | server is running...

[kever|log]: 2020-06-27 17:10:08 | load file...
[kever|log]: 2020-06-27 17:10:08 | load file done
[kever|log]: 2020-06-27 17:10:08 | server listening http://127.0.0.1:9000
[kever|log]: 2020-06-27 17:10:08 | server is running...

[kever|log]: 2020-06-27 17:10:24 | load file...
[kever|log]: 2020-06-27 17:10:24 | load file done
[kever|log]: 2020-06-27 17:10:24 | server listening http://127.0.0.1:9000
[kever|log]: 2020-06-27 17:10:24 | server is running...

[kever|log]: 2020-06-27 17:10:50 | load file...
[kever|log]: 2020-06-27 17:10:50 | load file done
[kever|log]: 2020-06-27 17:10:50 | server listening http://127.0.0.1:9000
[kever|log]: 2020-06-27 17:10:50 | server is running...

[kever|log]: 2020-06-27 17:11:36 | load file...
[kever|log]: 2020-06-27 17:11:36 | load file done
[kever|log]: 2020-06-27 17:11:36 | server listening http://127.0.0.1:9000
[kever|log]: 2020-06-27 17:11:36 | server is running...

[kever|log]: 2020-06-27 17:12:02 | load file...
[kever|log]: 2020-06-27 17:12:02 | load file done
[kever|log]: 2020-06-27 17:12:02 | server listening http://127.0.0.1:9000
[kever|log]: 2020-06-27 17:12:02 | server is running...

[kever|log]: 2020-06-27 17:12:29 | load file...
[kever|log]: 2020-06-27 17:12:29 | load file done
[kever|log]: 2020-06-27 17:12:29 | server listening http://127.0.0.1:9000
[kever|log]: 2020-06-27 17:12:29 | server is running...

[kever|log]: 2020-06-27 17:13:19 | load file...
[kever|log]: 2020-06-27 17:13:19 | load file done
[kever|log]: 2020-06-27 17:13:19 | server listening http://127.0.0.1:9000
[kever|log]: 2020-06-27 17:13:19 | server is running...

[kever|log]: 2020-06-27 17:19:03 | load file...
[kever|error]: 2020-06-27 17:19:03 | routerBeforePlugin type property plugin no exists
[kever|log]: 2020-06-27 17:19:04 | load file done
[kever|log]: 2020-06-27 17:19:04 | server listening http://127.0.0.1:9000
[kever|log]: 2020-06-27 17:19:04 | server is running...

[kever|log]: 2020-06-27 17:19:28 | load file...
[kever|error]: 2020-06-27 17:19:28 | routerBeforePlugin type property plugin no exists
[kever|log]: 2020-06-27 17:19:28 | load file done
[kever|log]: 2020-06-27 17:19:28 | server listening http://127.0.0.1:9000
[kever|log]: 2020-06-27 17:19:28 | server is running...

[kever|log]: 2020-06-27 17:20:20 | load file...
[kever|error]: 2020-06-27 17:20:20 | routerBeforePlugin type property plugin no exists
[kever|log]: 2020-06-27 17:20:20 | load file done
[kever|log]: 2020-06-27 17:20:20 | server listening http://127.0.0.1:9000
[kever|log]: 2020-06-27 17:20:20 | server is running...

[kever|log]: 2020-06-27 17:20:36 | load file...
[kever|error]: 2020-06-27 17:20:36 | routerBeforePlugin type property plugin no exists
[kever|log]: 2020-06-27 17:20:36 | load file done
[kever|log]: 2020-06-27 17:20:36 | server listening http://127.0.0.1:9000
[kever|log]: 2020-06-27 17:20:36 | server is running...

[kever|log]: 2020-06-27 17:21:07 | load file...
[kever|error]: 2020-06-27 17:21:07 | routerBeforePlugin type property plugin no exists
[kever|log]: 2020-06-27 17:21:08 | load file done
[kever|log]: 2020-06-27 17:21:08 | server listening http://127.0.0.1:9000
[kever|log]: 2020-06-27 17:21:08 | server is running...

[kever|log]: 2020-06-27 17:22:03 | load file...
[kever|error]: 2020-06-27 17:22:03 | routerBeforePlugin type property plugin no exists
[kever|log]: 2020-06-27 17:22:03 | load file done
[kever|log]: 2020-06-27 17:22:03 | server listening http://127.0.0.1:9000
[kever|log]: 2020-06-27 17:22:03 | server is running...

[kever|log]: 2020-06-27 17:22:39 | load file...
[kever|error]: 2020-06-27 17:22:39 | routerBeforePlugin type property plugin no exists
[kever|log]: 2020-06-27 17:22:39 | load file done
[kever|log]: 2020-06-27 17:22:39 | server listening http://127.0.0.1:9000
[kever|log]: 2020-06-27 17:22:39 | server is running...

[kever|log]: 2020-06-27 17:25:23 | load file...
[kever|error]: 2020-06-27 17:25:24 | routerBeforePlugin type property plugin no exists
[kever|log]: 2020-06-27 17:25:24 | load file done
[kever|log]: 2020-06-27 17:25:24 | server listening http://127.0.0.1:9000
[kever|log]: 2020-06-27 17:25:24 | server is running...

[kever|log]: 2020-06-27 17:38:10 | load file...
[kever|error]: 2020-06-27 17:38:10 | TypeError: Cannot redefine property: test
[kever|log]: 2020-06-27 17:38:10 | load file done
[kever|log]: 2020-06-27 17:38:10 | server listening http://127.0.0.1:9000
[kever|log]: 2020-06-27 17:38:10 | server is running...

[kever|log]: 2020-06-27 17:41:05 | load file...
[kever|error]: 2020-06-27 17:41:06 | TypeError: Cannot redefine property: test
[kever|log]: 2020-06-27 17:41:06 | load file done
[kever|log]: 2020-06-27 17:41:06 | server listening http://127.0.0.1:9000
[kever|log]: 2020-06-27 17:41:06 | server is running...

[kever|log]: 2020-06-27 17:41:25 | load file...
[kever|error]: 2020-06-27 17:41:26 | TypeError: Cannot redefine property: test
[kever|log]: 2020-06-27 17:41:26 | load file done
[kever|log]: 2020-06-27 17:41:26 | server listening http://127.0.0.1:9000
[kever|log]: 2020-06-27 17:41:26 | server is running...

[kever|log]: 2020-06-27 17:42:49 | load file...
[kever|error]: 2020-06-27 17:42:50 | TypeError: Cannot redefine property: test
[kever|log]: 2020-06-27 17:42:50 | load file done
[kever|log]: 2020-06-27 17:42:50 | server listening http://127.0.0.1:9000
[kever|log]: 2020-06-27 17:42:50 | server is running...

[kever|log]: 2020-06-27 17:43:41 | load file...
[kever|error]: 2020-06-27 17:43:42 | TypeError: Cannot redefine property: test
[kever|log]: 2020-06-27 17:43:42 | load file done
[kever|log]: 2020-06-27 17:43:42 | server listening http://127.0.0.1:9000
[kever|log]: 2020-06-27 17:43:42 | server is running...

[kever|log]: 2020-06-27 17:44:09 | load file...
[kever|error]: 2020-06-27 17:44:09 | TypeError: Cannot redefine property: test
[kever|log]: 2020-06-27 17:44:09 | load file done
[kever|log]: 2020-06-27 17:44:09 | server listening http://127.0.0.1:9000
[kever|log]: 2020-06-27 17:44:09 | server is running...

[kever|log]: 2020-06-27 17:44:19 | load file...
[kever|error]: 2020-06-27 17:44:20 | TypeError: Cannot redefine property: test
[kever|log]: 2020-06-27 17:44:20 | load file done
[kever|log]: 2020-06-27 17:44:20 | server listening http://127.0.0.1:9000
[kever|log]: 2020-06-27 17:44:20 | server is running...

[kever|log]: 2020-06-27 17:44:44 | load file...
[kever|error]: 2020-06-27 17:44:44 | TypeError: Cannot redefine property: test
[kever|log]: 2020-06-27 17:44:44 | load file done
[kever|log]: 2020-06-27 17:44:44 | server listening http://127.0.0.1:9000
[kever|log]: 2020-06-27 17:44:44 | server is running...

[kever|log]: 2020-06-27 17:46:46 | load file...
[kever|log]: 2020-06-27 17:46:47 | load file done
[kever|log]: 2020-06-27 17:46:47 | server listening http://127.0.0.1:9000
[kever|log]: 2020-06-27 17:46:47 | server is running...

[kever|log]: 2020-06-27 17:47:18 | load file...
[kever|error]: 2020-06-27 17:47:18 | TypeError: Cannot redefine property: test
[kever|log]: 2020-06-27 17:47:18 | load file done
[kever|log]: 2020-06-27 17:47:18 | server listening http://127.0.0.1:9000
[kever|log]: 2020-06-27 17:47:18 | server is running...

[kever|log]: 2020-06-27 17:47:43 | load file...
[kever|error]: 2020-06-27 17:47:44 | TypeError: Cannot redefine property: test
[kever|log]: 2020-06-27 17:47:44 | load file done
[kever|log]: 2020-06-27 17:47:44 | server listening http://127.0.0.1:9000
[kever|log]: 2020-06-27 17:47:44 | server is running...

[kever|log]: 2020-06-27 17:48:03 | load file...
[kever|error]: 2020-06-27 17:48:04 | TypeError: Cannot redefine property: test
[kever|log]: 2020-06-27 17:48:04 | load file done
[kever|log]: 2020-06-27 17:48:04 | server listening http://127.0.0.1:9000
[kever|log]: 2020-06-27 17:48:04 | server is running...

[kever|log]: 2020-06-27 17:48:53 | load file...
[kever|error]: 2020-06-27 17:48:54 | TypeError: Cannot redefine property: test
[kever|log]: 2020-06-27 17:48:54 | load file done
[kever|log]: 2020-06-27 17:48:54 | server listening http://127.0.0.1:9000
[kever|log]: 2020-06-27 17:48:54 | server is running...

[kever|log]: 2020-06-27 17:49:26 | load file...
[kever|error]: 2020-06-27 17:49:26 | TypeError: Cannot redefine property: test
[kever|log]: 2020-06-27 17:49:26 | load file done
[kever|log]: 2020-06-27 17:49:26 | server listening http://127.0.0.1:9000
[kever|log]: 2020-06-27 17:49:26 | server is running...

[kever|log]: 2020-06-27 17:49:42 | load file...
[kever|error]: 2020-06-27 17:49:43 | TypeError: Cannot redefine property: test
[kever|log]: 2020-06-27 17:49:43 | load file done
[kever|log]: 2020-06-27 17:49:43 | server listening http://127.0.0.1:9000
[kever|log]: 2020-06-27 17:49:43 | server is running...

[kever|log]: 2020-06-27 17:50:06 | load file...
[kever|error]: 2020-06-27 17:50:06 | TypeError: Cannot redefine property: test
[kever|log]: 2020-06-27 17:50:06 | load file done
[kever|log]: 2020-06-27 17:50:06 | server listening http://127.0.0.1:9000
[kever|log]: 2020-06-27 17:50:06 | server is running...

[kever|log]: 2020-06-27 17:50:23 | load file...
[kever|error]: 2020-06-27 17:50:23 | TypeError: Cannot redefine property: test
[kever|log]: 2020-06-27 17:50:23 | load file done
[kever|log]: 2020-06-27 17:50:23 | server listening http://127.0.0.1:9000
[kever|log]: 2020-06-27 17:50:23 | server is running...

[kever|log]: 2020-06-27 17:50:35 | load file...
[kever|error]: 2020-06-27 17:50:35 | TypeError: Cannot redefine property: test
[kever|log]: 2020-06-27 17:50:35 | load file done
[kever|log]: 2020-06-27 17:50:35 | server listening http://127.0.0.1:9000
[kever|log]: 2020-06-27 17:50:35 | server is running...

[kever|log]: 2020-06-27 17:50:50 | load file...
[kever|error]: 2020-06-27 17:50:51 | TypeError: Cannot redefine property: test
[kever|log]: 2020-06-27 17:50:51 | load file done
[kever|log]: 2020-06-27 17:50:51 | server listening http://127.0.0.1:9000
[kever|log]: 2020-06-27 17:50:51 | server is running...

[kever|log]: 2020-06-27 17:51:56 | load file...
[kever|log]: 2020-06-27 17:51:56 | load file done
[kever|log]: 2020-06-27 17:51:56 | server listening http://127.0.0.1:9000
[kever|log]: 2020-06-27 17:51:56 | server is running...

[kever|log]: 2020-06-27 17:52:40 | load file...
[kever|log]: 2020-06-27 17:52:41 | load file done
[kever|log]: 2020-06-27 17:52:41 | server listening http://127.0.0.1:9000
[kever|log]: 2020-06-27 17:52:41 | server is running...

[kever|log]: 2020-06-27 17:53:22 | load file...
[kever|log]: 2020-06-27 17:53:23 | load file done
[kever|log]: 2020-06-27 17:53:23 | server listening http://127.0.0.1:9000
[kever|log]: 2020-06-27 17:53:23 | server is running...

[kever|log]: 2020-06-27 17:53:55 | load file...
[kever|log]: 2020-06-27 17:53:56 | load file done
[kever|log]: 2020-06-27 17:53:56 | server listening http://127.0.0.1:9000
[kever|log]: 2020-06-27 17:53:56 | server is running...

[kever|log]: 2020-06-27 17:54:23 | load file...
[kever|log]: 2020-06-27 17:54:23 | load file done
[kever|log]: 2020-06-27 17:54:23 | server listening http://127.0.0.1:9000
[kever|log]: 2020-06-27 17:54:23 | server is running...

[kever|log]: 2020-06-27 17:55:07 | load file...
[kever|log]: 2020-06-27 17:55:07 | load file done
[kever|log]: 2020-06-27 17:55:07 | server listening http://127.0.0.1:9000
[kever|log]: 2020-06-27 17:55:07 | server is running...

[kever|log]: 2020-06-27 17:58:33 | load file...
[kever|log]: 2020-06-27 17:58:33 | load file done
[kever|log]: 2020-06-27 17:58:33 | server listening http://127.0.0.1:9000
[kever|log]: 2020-06-27 17:58:33 | server is running...

[kever|log]: 2020-06-27 17:59:29 | load file...
[kever|log]: 2020-06-27 17:59:29 | load file done
[kever|log]: 2020-06-27 17:59:29 | server listening http://127.0.0.1:9000
[kever|log]: 2020-06-27 17:59:29 | server is running...

[kever|log]: 2020-06-27 17:59:46 | load file...
[kever|log]: 2020-06-27 17:59:47 | load file done
[kever|log]: 2020-06-27 17:59:47 | server listening http://127.0.0.1:9000
[kever|log]: 2020-06-27 17:59:47 | server is running...

[kever|log]: 2020-06-27 18:00:42 | load file...
[kever|log]: 2020-06-27 18:00:43 | load file done
[kever|log]: 2020-06-27 18:00:43 | server listening http://127.0.0.1:9000
[kever|log]: 2020-06-27 18:00:43 | server is running...

[kever|log]: 2020-06-27 18:01:57 | load file...
[kever|log]: 2020-06-27 18:01:57 | load file done
[kever|log]: 2020-06-27 18:01:57 | server listening http://127.0.0.1:9000
[kever|log]: 2020-06-27 18:01:57 | server is running...

[kever|log]: 2020-06-27 18:02:49 | load file...
[kever|log]: 2020-06-27 18:02:49 | load file done
[kever|log]: 2020-06-27 18:02:49 | server listening http://127.0.0.1:9000
[kever|log]: 2020-06-27 18:02:49 | server is running...

[kever|log]: 2020-06-27 18:03:08 | load file...
[kever|log]: 2020-06-27 18:03:08 | load file done
[kever|log]: 2020-06-27 18:03:08 | server listening http://127.0.0.1:9000
[kever|log]: 2020-06-27 18:03:08 | server is running...

[kever|log]: 2020-06-27 18:04:52 | load file...
[kever|error]: 2020-06-27 18:04:52 | TypeError: Cannot redefine property: test
[kever|log]: 2020-06-27 18:04:52 | load file done
[kever|log]: 2020-06-27 18:04:52 | server listening http://127.0.0.1:9000
[kever|log]: 2020-06-27 18:04:52 | server is running...

[kever|log]: 2020-06-27 18:05:09 | load file...
[kever|error]: 2020-06-27 18:05:09 | TypeError: Cannot redefine property: test
[kever|log]: 2020-06-27 18:05:09 | load file done
[kever|log]: 2020-06-27 18:05:09 | server listening http://127.0.0.1:9000
[kever|log]: 2020-06-27 18:05:09 | server is running...

[kever|log]: 2020-06-27 18:06:14 | load file...
[kever|log]: 2020-06-27 18:06:14 | load file done
[kever|log]: 2020-06-27 18:06:14 | server listening http://127.0.0.1:9000
[kever|log]: 2020-06-27 18:06:14 | server is running...

[kever|log]: 2020-06-27 18:07:24 | load file...
[kever|log]: 2020-06-27 18:07:24 | load file done
[kever|log]: 2020-06-27 18:07:24 | server listening http://127.0.0.1:9000
[kever|log]: 2020-06-27 18:07:24 | server is running...

[kever|log]: 2020-06-27 18:08:10 | load file...
[kever|log]: 2020-06-27 18:08:10 | load file done
[kever|log]: 2020-06-27 18:08:10 | server listening http://127.0.0.1:9000
[kever|log]: 2020-06-27 18:08:10 | server is running...

[kever|log]: 2020-06-27 18:09:09 | load file...
[kever|log]: 2020-06-27 18:09:09 | load file done
[kever|log]: 2020-06-27 18:09:09 | server listening http://127.0.0.1:9000
[kever|log]: 2020-06-27 18:09:09 | server is running...

[kever|log]: 2020-06-27 18:10:06 | load file...
[kever|log]: 2020-06-27 18:10:06 | load file done
[kever|log]: 2020-06-27 18:10:06 | server listening http://127.0.0.1:9000
[kever|log]: 2020-06-27 18:10:06 | server is running...

[kever|log]: 2020-06-27 18:10:32 | load file...
[kever|log]: 2020-06-27 18:10:32 | load file done
[kever|log]: 2020-06-27 18:10:32 | server listening http://127.0.0.1:9000
[kever|log]: 2020-06-27 18:10:32 | server is running...

[kever|log]: 2020-06-27 18:11:00 | load file...
[kever|log]: 2020-06-27 18:11:00 | load file done
[kever|log]: 2020-06-27 18:11:00 | server listening http://127.0.0.1:9000
[kever|log]: 2020-06-27 18:11:00 | server is running...

[kever|log]: 2020-06-27 18:12:28 | load file...
[kever|log]: 2020-06-27 18:12:28 | load file done
[kever|log]: 2020-06-27 18:12:28 | server listening http://127.0.0.1:9000
[kever|log]: 2020-06-27 18:12:28 | server is running...

[kever|log]: 2020-06-27 18:13:02 | load file...
[kever|error]: 2020-06-27 18:13:02 | TypeError
[kever|log]: 2020-06-27 18:13:02 | load file done
[kever|log]: 2020-06-27 18:13:02 | server listening http://127.0.0.1:9000
[kever|log]: 2020-06-27 18:13:02 | server is running...

[kever|log]: 2020-06-27 18:13:17 | load file...
[kever|log]: 2020-06-27 18:13:17 | load file done
[kever|log]: 2020-06-27 18:13:17 | server listening http://127.0.0.1:9000
[kever|log]: 2020-06-27 18:13:17 | server is running...

[kever|log]: 2020-06-27 18:15:15 | load file...
[kever|log]: 2020-06-27 18:15:15 | load file done
[kever|log]: 2020-06-27 18:15:15 | server listening http://127.0.0.1:9000
[kever|log]: 2020-06-27 18:15:15 | server is running...

[kever|log]: 2020-06-27 18:16:21 | load file...
[kever|log]: 2020-06-27 18:16:22 | load file done
[kever|log]: 2020-06-27 18:16:22 | server listening http://127.0.0.1:9000
[kever|log]: 2020-06-27 18:16:22 | server is running...

[kever|log]: 2020-06-27 18:16:36 | load file...
[kever|log]: 2020-06-27 18:16:36 | load file done
[kever|log]: 2020-06-27 18:16:36 | server listening http://127.0.0.1:9000
[kever|log]: 2020-06-27 18:16:36 | server is running...

[kever|log]: 2020-06-27 18:16:46 | load file...
[kever|log]: 2020-06-27 18:16:46 | load file done
[kever|log]: 2020-06-27 18:16:46 | server listening http://127.0.0.1:9000
[kever|log]: 2020-06-27 18:16:46 | server is running...

[kever|log]: 2020-06-27 18:17:51 | load file...
[kever|log]: 2020-06-27 18:17:52 | load file done
[kever|log]: 2020-06-27 18:17:52 | server listening http://127.0.0.1:9000
[kever|log]: 2020-06-27 18:17:52 | server is running...

[kever|log]: 2020-06-27 18:19:03 | load file...
[kever|log]: 2020-06-27 18:19:03 | load file done
[kever|log]: 2020-06-27 18:19:03 | server listening http://127.0.0.1:9000
[kever|log]: 2020-06-27 18:19:03 | server is running...

[kever|log]: 2020-06-27 18:19:48 | load file...
[kever|log]: 2020-06-27 18:19:48 | load file done
[kever|log]: 2020-06-27 18:19:48 | server listening http://127.0.0.1:9000
[kever|log]: 2020-06-27 18:19:48 | server is running...

[kever|log]: 2020-06-27 18:20:25 | load file...
[kever|log]: 2020-06-27 18:20:25 | load file done
[kever|log]: 2020-06-27 18:20:25 | server listening http://127.0.0.1:9000
[kever|log]: 2020-06-27 18:20:25 | server is running...

[kever|log]: 2020-06-27 18:23:49 | load file...
[kever|log]: 2020-06-27 18:23:50 | load file done
[kever|log]: 2020-06-27 18:23:50 | server listening http://127.0.0.1:9000
[kever|log]: 2020-06-27 18:23:50 | server is running...

[kever|log]: 2020-06-27 18:24:21 | load file...
[kever|log]: 2020-06-27 18:24:21 | load file done
[kever|log]: 2020-06-27 18:24:21 | server listening http://127.0.0.1:9000
[kever|log]: 2020-06-27 18:24:21 | server is running...

[kever|log]: 2020-06-27 18:25:14 | load file...
[kever|log]: 2020-06-27 18:25:14 | load file done
[kever|log]: 2020-06-27 18:25:14 | server listening http://127.0.0.1:9000
[kever|log]: 2020-06-27 18:25:14 | server is running...

[kever|log]: 2020-06-27 18:25:33 | load file...
[kever|log]: 2020-06-27 18:25:33 | load file done
[kever|log]: 2020-06-27 18:25:33 | server listening http://127.0.0.1:9000
[kever|log]: 2020-06-27 18:25:33 | server is running...

[kever|log]: 2020-06-27 18:26:05 | load file...
[kever|log]: 2020-06-27 18:26:05 | load file done
[kever|log]: 2020-06-27 18:26:05 | server listening http://127.0.0.1:9000
[kever|log]: 2020-06-27 18:26:05 | server is running...

[kever|log]: 2020-06-27 18:26:55 | load file...
[kever|log]: 2020-06-27 18:26:55 | load file done
[kever|log]: 2020-06-27 18:26:55 | server listening http://127.0.0.1:9000
[kever|log]: 2020-06-27 18:26:55 | server is running...

[kever|log]: 2020-06-27 18:27:10 | load file...
[kever|log]: 2020-06-27 18:27:10 | load file done
[kever|log]: 2020-06-27 18:27:10 | server listening http://127.0.0.1:9000
[kever|log]: 2020-06-27 18:27:10 | server is running...

[kever|log]: 2020-06-27 18:27:38 | load file...
[kever|log]: 2020-06-27 18:27:39 | load file done
[kever|log]: 2020-06-27 18:27:39 | server listening http://127.0.0.1:9000
[kever|log]: 2020-06-27 18:27:39 | server is running...

[kever|log]: 2020-06-27 18:28:50 | load file...
[kever|log]: 2020-06-27 18:28:50 | load file done
[kever|log]: 2020-06-27 18:28:50 | server listening http://127.0.0.1:9000
[kever|log]: 2020-06-27 18:28:50 | server is running...

[kever|log]: 2020-06-27 18:29:26 | load file...
[kever|log]: 2020-06-27 18:29:27 | load file done
[kever|log]: 2020-06-27 18:29:27 | server listening http://127.0.0.1:9000
[kever|log]: 2020-06-27 18:29:27 | server is running...

[kever|log]: 2020-06-27 18:29:49 | load file...
[kever|log]: 2020-06-27 18:29:50 | load file done
[kever|log]: 2020-06-27 18:29:50 | server listening http://127.0.0.1:9000
[kever|log]: 2020-06-27 18:29:50 | server is running...

[kever|log]: 2020-06-27 18:30:09 | load file...
[kever|log]: 2020-06-27 18:30:09 | load file done
[kever|log]: 2020-06-27 18:30:09 | server listening http://127.0.0.1:9000
[kever|log]: 2020-06-27 18:30:09 | server is running...

[kever|log]: 2020-06-27 18:31:59 | load file...
[kever|log]: 2020-06-27 18:32:00 | load file done
[kever|log]: 2020-06-27 18:32:00 | server listening http://127.0.0.1:9000
[kever|log]: 2020-06-27 18:32:00 | server is running...

[kever|log]: 2020-06-27 18:32:43 | load file...
[kever|log]: 2020-06-27 18:32:43 | load file done

[kever|log]: 2020-06-27 18:33:18 | load file...
[kever|log]: 2020-06-27 18:33:18 | load file done

[kever|log]: 2020-06-27 18:33:47 | load file...
[kever|log]: 2020-06-27 18:33:47 | load file done

[kever|log]: 2020-06-27 18:35:14 | load file...
[kever|log]: 2020-06-27 18:35:14 | load file done

[kever|log]: 2020-06-27 18:37:12 | load file...
[kever|log]: 2020-06-27 18:37:12 | load file done

[kever|log]: 2020-06-27 18:39:28 | load file...
[kever|log]: 2020-06-27 18:39:29 | load file done

[kever|log]: 2020-06-27 18:39:59 | load file...
[kever|log]: 2020-06-27 18:39:59 | load file done

[kever|log]: 2020-06-27 18:41:08 | load file...
[kever|log]: 2020-06-27 18:41:08 | load file done

[kever|log]: 2020-06-27 18:41:31 | load file...
[kever|log]: 2020-06-27 18:41:31 | load file done
[kever|log]: 2020-06-27 18:41:31 | server listening http://127.0.0.1:9000
[kever|log]: 2020-06-27 18:41:31 | server is running...

[kever|log]: 2020-06-27 18:41:55 | load file...
[kever|log]: 2020-06-27 18:41:55 | load file done
[kever|log]: 2020-06-27 18:41:55 | server listening http://127.0.0.1:9000
[kever|log]: 2020-06-27 18:41:55 | server is running...

[kever|log]: 2020-06-27 18:42:23 | load file...
[kever|log]: 2020-06-27 18:42:24 | load file done
[kever|log]: 2020-06-27 18:42:24 | server listening http://127.0.0.1:9000
[kever|log]: 2020-06-27 18:42:24 | server is running...

[kever|log]: 2020-06-27 18:43:38 | load file...
[kever|log]: 2020-06-27 18:43:39 | load file done
[kever|log]: 2020-06-27 18:43:39 | server listening http://127.0.0.1:9000
[kever|log]: 2020-06-27 18:43:39 | server is running...

[kever|log]: 2020-06-27 18:44:25 | load file...
[kever|log]: 2020-06-27 18:44:25 | load file done
[kever|log]: 2020-06-27 18:44:25 | server listening http://127.0.0.1:9000
[kever|log]: 2020-06-27 18:44:25 | server is running...

[kever|log]: 2020-06-27 18:45:26 | load file...
[kever|log]: 2020-06-27 18:45:26 | load file done

[kever|log]: 2020-06-27 18:46:53 | load file...
[kever|log]: 2020-06-27 18:46:54 | load file done
[kever|log]: 2020-06-27 18:46:54 | server listening http://127.0.0.1:9000
[kever|log]: 2020-06-27 18:46:54 | server is running...

[kever|log]: 2020-06-27 18:46:53 | load file...
[kever|log]: 2020-06-27 18:46:54 | load file done
[kever|log]: 2020-06-27 18:46:54 | server listening http://127.0.0.1:9000
[kever|log]: 2020-06-27 18:46:54 | server is running...
[kever|error]: 2020-06-27 18:48:15 | TypeError: this.indexService.getData is not a function

[kever|log]: 2020-06-27 18:48:56 | load file...
[kever|log]: 2020-06-27 18:48:56 | load file done
[kever|log]: 2020-06-27 18:48:56 | server listening http://127.0.0.1:9000
[kever|log]: 2020-06-27 18:48:56 | server is running...

[kever|log]: 2020-06-27 18:48:56 | load file...
[kever|log]: 2020-06-27 18:48:56 | load file done
[kever|log]: 2020-06-27 18:48:56 | server listening http://127.0.0.1:9000
[kever|log]: 2020-06-27 18:48:56 | server is running...
[kever|error]: 2020-06-27 18:48:59 | TypeError: Cannot read property 'getData' of undefined

[kever|log]: 2020-06-27 18:49:23 | load file...
[kever|log]: 2020-06-27 18:49:24 | load file done
[kever|log]: 2020-06-27 18:49:24 | server listening http://127.0.0.1:9000
[kever|log]: 2020-06-27 18:49:24 | server is running...

[kever|log]: 2020-06-27 18:49:55 | load file...
[kever|log]: 2020-06-27 18:49:55 | load file done
[kever|log]: 2020-06-27 18:49:55 | server listening http://127.0.0.1:9000
[kever|log]: 2020-06-27 18:49:55 | server is running...

[kever|log]: 2020-06-27 18:56:47 | load file...
[kever|log]: 2020-06-27 18:56:47 | load file done
[kever|log]: 2020-06-27 18:56:47 | server listening http://127.0.0.1:9000
[kever|log]: 2020-06-27 18:56:47 | server is running...

[kever|log]: 2020-06-27 18:58:14 | load file...
[kever|log]: 2020-06-27 18:58:15 | load file done
[kever|log]: 2020-06-27 18:58:15 | server listening http://127.0.0.1:9000
[kever|log]: 2020-06-27 18:58:15 | server is running...

[kever|log]: 2020-06-27 18:58:37 | load file...
[kever|log]: 2020-06-27 18:58:37 | load file done
[kever|log]: 2020-06-27 18:58:37 | server listening http://127.0.0.1:9000
[kever|log]: 2020-06-27 18:58:37 | server is running...

[kever|log]: 2020-06-27 18:59:04 | load file...
[kever|error]: 2020-06-27 18:59:04 | TypeError: Cannot redefine property: test
[kever|log]: 2020-06-27 18:59:04 | load file done
[kever|log]: 2020-06-27 18:59:04 | server listening http://127.0.0.1:9000
[kever|log]: 2020-06-27 18:59:04 | server is running...

[kever|log]: 2020-06-27 18:59:16 | load file...
[kever|log]: 2020-06-27 18:59:16 | load file done
[kever|log]: 2020-06-27 18:59:16 | server listening http://127.0.0.1:9000
[kever|log]: 2020-06-27 18:59:16 | server is running...

[kever|log]: 2020-06-27 18:59:40 | load file...
[kever|log]: 2020-06-27 18:59:40 | load file done
[kever|log]: 2020-06-27 18:59:40 | server listening http://127.0.0.1:9000
[kever|log]: 2020-06-27 18:59:40 | server is running...

[kever|log]: 2020-06-27 19:00:40 | load file...
[kever|log]: 2020-06-27 19:00:41 | load file done
[kever|log]: 2020-06-27 19:00:41 | server listening http://127.0.0.1:9000
[kever|log]: 2020-06-27 19:00:41 | server is running...

[kever|log]: 2020-06-27 19:01:42 | load file...
[kever|log]: 2020-06-27 19:01:42 | load file done
[kever|log]: 2020-06-27 19:01:42 | server listening http://127.0.0.1:9000
[kever|log]: 2020-06-27 19:01:42 | server is running...

[kever|log]: 2020-06-27 19:03:49 | load file...
[kever|log]: 2020-06-27 19:03:49 | load file done
[kever|log]: 2020-06-27 19:03:49 | server listening http://127.0.0.1:9000
[kever|log]: 2020-06-27 19:03:49 | server is running...

[kever|log]: 2020-06-27 19:05:09 | load file...
[kever|log]: 2020-06-27 19:05:09 | load file done
[kever|log]: 2020-06-27 19:05:09 | server listening http://127.0.0.1:9000
[kever|log]: 2020-06-27 19:05:09 | server is running...

[kever|log]: 2020-06-27 19:06:23 | load file...
[kever|log]: 2020-06-27 19:06:24 | load file done
[kever|log]: 2020-06-27 19:06:24 | server listening http://127.0.0.1:9000
[kever|log]: 2020-06-27 19:06:24 | server is running...

[kever|log]: 2020-06-27 19:08:52 | load file...
[kever|error]: 2020-06-27 19:08:52 | TypeError
[kever|log]: 2020-06-27 19:08:52 | load file done
[kever|log]: 2020-06-27 19:08:52 | server listening http://127.0.0.1:9000
[kever|log]: 2020-06-27 19:08:52 | server is running...

[kever|log]: 2020-06-27 19:09:42 | load file...
[kever|log]: 2020-06-27 19:09:42 | load file done
[kever|log]: 2020-06-27 19:09:42 | server listening http://127.0.0.1:9000
[kever|log]: 2020-06-27 19:09:42 | server is running...

[kever|log]: 2020-06-27 19:12:42 | load file...
[kever|log]: 2020-06-27 19:12:42 | load file done
[kever|log]: 2020-06-27 19:12:42 | server listening http://127.0.0.1:9000
[kever|log]: 2020-06-27 19:12:42 | server is running...

[kever|log]: 2020-06-27 19:16:21 | load file...
[kever|log]: 2020-06-27 19:16:21 | load file done
[kever|log]: 2020-06-27 19:16:21 | server listening http://127.0.0.1:9000
[kever|log]: 2020-06-27 19:16:21 | server is running...

[kever|log]: 2020-06-27 19:16:58 | load file...
[kever|log]: 2020-06-27 19:16:58 | load file done
[kever|log]: 2020-06-27 19:16:58 | server listening http://127.0.0.1:9000
[kever|log]: 2020-06-27 19:16:58 | server is running...

[kever|log]: 2020-06-27 19:17:09 | load file...
[kever|log]: 2020-06-27 19:17:09 | load file done
[kever|log]: 2020-06-27 19:17:09 | server listening http://127.0.0.1:9000
[kever|log]: 2020-06-27 19:17:09 | server is running...

[kever|log]: 2020-06-27 19:17:19 | load file...
[kever|log]: 2020-06-27 19:17:19 | load file done
[kever|log]: 2020-06-27 19:17:19 | server listening http://127.0.0.1:9000
[kever|log]: 2020-06-27 19:17:19 | server is running...

[kever|log]: 2020-06-27 19:18:09 | load file...
[kever|log]: 2020-06-27 19:18:10 | load file done
[kever|log]: 2020-06-27 19:18:10 | server listening http://127.0.0.1:9000
[kever|log]: 2020-06-27 19:18:10 | server is running...

[kever|log]: 2020-06-27 19:18:30 | load file...
[kever|log]: 2020-06-27 19:18:31 | load file done
[kever|log]: 2020-06-27 19:18:31 | server listening http://127.0.0.1:9000
[kever|log]: 2020-06-27 19:18:31 | server is running...

[kever|log]: 2020-06-27 19:18:53 | load file...
[kever|log]: 2020-06-27 19:18:53 | load file done
[kever|log]: 2020-06-27 19:18:53 | server listening http://127.0.0.1:9000
[kever|log]: 2020-06-27 19:18:53 | server is running...

[kever|log]: 2020-06-27 19:19:13 | load file...
[kever|log]: 2020-06-27 19:19:13 | load file done
[kever|log]: 2020-06-27 19:19:13 | server listening http://127.0.0.1:9000
[kever|log]: 2020-06-27 19:19:13 | server is running...

[kever|log]: 2020-06-27 19:19:46 | load file...
[kever|log]: 2020-06-27 19:19:47 | load file done
[kever|log]: 2020-06-27 19:19:47 | server listening http://127.0.0.1:9000
[kever|log]: 2020-06-27 19:19:47 | server is running...

[kever|log]: 2020-06-27 19:20:05 | load file...
[kever|log]: 2020-06-27 19:20:05 | load file done
[kever|log]: 2020-06-27 19:20:05 | server listening http://127.0.0.1:9000
[kever|log]: 2020-06-27 19:20:05 | server is running...

[kever|log]: 2020-06-27 19:20:15 | load file...
[kever|log]: 2020-06-27 19:20:16 | load file done
[kever|log]: 2020-06-27 19:20:16 | server listening http://127.0.0.1:9000
[kever|log]: 2020-06-27 19:20:16 | server is running...

[kever|log]: 2020-06-27 19:20:36 | load file...
[kever|log]: 2020-06-27 19:20:36 | load file done
[kever|log]: 2020-06-27 19:20:36 | server listening http://127.0.0.1:9000
[kever|log]: 2020-06-27 19:20:36 | server is running...

[kever|log]: 2020-06-27 19:20:55 | load file...
[kever|log]: 2020-06-27 19:20:55 | load file done
[kever|log]: 2020-06-27 19:20:55 | server listening http://127.0.0.1:9000
[kever|log]: 2020-06-27 19:20:55 | server is running...

[kever|log]: 2020-06-27 19:21:08 | load file...
[kever|log]: 2020-06-27 19:21:08 | load file done
[kever|log]: 2020-06-27 19:21:08 | server listening http://127.0.0.1:9000
[kever|log]: 2020-06-27 19:21:08 | server is running...

[kever|log]: 2020-06-27 19:21:41 | load file...
[kever|log]: 2020-06-27 19:21:41 | load file done
[kever|log]: 2020-06-27 19:21:41 | server listening http://127.0.0.1:9000
[kever|log]: 2020-06-27 19:21:41 | server is running...

[kever|log]: 2020-06-27 19:22:21 | load file...
[kever|log]: 2020-06-27 19:22:21 | load file done
[kever|log]: 2020-06-27 19:22:21 | server listening http://127.0.0.1:9000
[kever|log]: 2020-06-27 19:22:21 | server is running...

[kever|log]: 2020-06-27 19:23:41 | load file...
[kever|log]: 2020-06-27 19:23:41 | load file done
[kever|log]: 2020-06-27 19:23:41 | server listening http://127.0.0.1:9000
[kever|log]: 2020-06-27 19:23:41 | server is running...

[kever|log]: 2020-06-27 19:24:12 | load file...
[kever|log]: 2020-06-27 19:24:12 | load file done
[kever|log]: 2020-06-27 19:24:12 | server listening http://127.0.0.1:9000
[kever|log]: 2020-06-27 19:24:12 | server is running...

[kever|log]: 2020-06-27 19:24:42 | load file...
[kever|log]: 2020-06-27 19:24:43 | load file done

[kever|log]: 2020-06-27 19:25:10 | load file...
[kever|log]: 2020-06-27 19:25:11 | load file done
[kever|log]: 2020-06-27 19:25:11 | server listening http://127.0.0.1:9000
[kever|log]: 2020-06-27 19:25:11 | server is running...

[kever|log]: 2020-06-27 19:25:35 | load file...
[kever|log]: 2020-06-27 19:25:35 | load file done
[kever|log]: 2020-06-27 19:25:35 | server listening http://127.0.0.1:9000
[kever|log]: 2020-06-27 19:25:35 | server is running...

[kever|log]: 2020-06-27 19:29:40 | load file...
[kever|log]: 2020-06-27 19:29:40 | load file done
[kever|log]: 2020-06-27 19:29:40 | server listening http://127.0.0.1:9000
[kever|log]: 2020-06-27 19:29:40 | server is running...

[kever|log]: 2020-06-27 19:30:16 | load file...
[kever|log]: 2020-06-27 19:30:16 | load file done
[kever|log]: 2020-06-27 19:30:16 | server listening http://127.0.0.1:9000
[kever|log]: 2020-06-27 19:30:16 | server is running...

[kever|log]: 2020-06-27 19:30:40 | load file...
[kever|log]: 2020-06-27 19:30:40 | load file done
[kever|log]: 2020-06-27 19:30:40 | server listening http://127.0.0.1:9000
[kever|log]: 2020-06-27 19:30:40 | server is running...

[kever|log]: 2020-06-27 19:31:25 | load file...
[kever|log]: 2020-06-27 19:31:26 | load file done
[kever|log]: 2020-06-27 19:31:26 | server listening http://127.0.0.1:9000
[kever|log]: 2020-06-27 19:31:26 | server is running...

[kever|log]: 2020-06-27 19:31:46 | load file...
[kever|log]: 2020-06-27 19:31:46 | load file done

[kever|log]: 2020-06-27 19:32:00 | load file...
[kever|log]: 2020-06-27 19:32:00 | load file done
[kever|log]: 2020-06-27 19:32:00 | server listening http://127.0.0.1:9000
[kever|log]: 2020-06-27 19:32:00 | server is running...

[kever|log]: 2020-06-27 19:32:38 | load file...
[kever|log]: 2020-06-27 19:32:38 | load file done

[kever|log]: 2020-06-27 19:32:55 | load file...
[kever|log]: 2020-06-27 19:32:56 | load file done
[kever|log]: 2020-06-27 19:32:56 | server listening http://127.0.0.1:9000
[kever|log]: 2020-06-27 19:32:56 | server is running...

[kever|log]: 2020-06-27 22:36:30 | load file...
[kever|log]: 2020-06-27 22:36:30 | load file done
[kever|log]: 2020-06-27 22:36:30 | server listening http://127.0.0.1:9000
[kever|log]: 2020-06-27 22:36:30 | server is running...

[kever|log]: 2020-06-27 22:37:50 | load file...
[kever|log]: 2020-06-27 22:37:50 | load file done
[kever|log]: 2020-06-27 22:37:50 | server listening http://127.0.0.1:9000
[kever|log]: 2020-06-27 22:37:50 | server is running...

[kever|log]: 2020-06-27 22:38:39 | load file...
[kever|log]: 2020-06-27 22:38:40 | load file done
[kever|log]: 2020-06-27 22:38:40 | server listening http://127.0.0.1:9000
[kever|log]: 2020-06-27 22:38:40 | server is running...

[kever|log]: 2020-06-27 22:39:09 | load file...
[kever|log]: 2020-06-27 22:39:10 | load file done
[kever|log]: 2020-06-27 22:39:10 | server listening http://127.0.0.1:9000
[kever|log]: 2020-06-27 22:39:10 | server is running...

[kever|log]: 2020-06-27 22:39:33 | load file...
[kever|log]: 2020-06-27 22:39:33 | load file done
[kever|log]: 2020-06-27 22:39:33 | server listening http://127.0.0.1:9000
[kever|log]: 2020-06-27 22:39:33 | server is running...

[kever|log]: 2020-06-27 22:39:50 | load file...
[kever|log]: 2020-06-27 22:39:50 | load file done
[kever|log]: 2020-06-27 22:39:50 | server listening http://127.0.0.1:9000
[kever|log]: 2020-06-27 22:39:50 | server is running...

[kever|log]: 2020-06-27 22:40:08 | load file...
[kever|log]: 2020-06-27 22:40:09 | load file done
[kever|log]: 2020-06-27 22:40:09 | server listening http://127.0.0.1:9000
[kever|log]: 2020-06-27 22:40:09 | server is running...

[kever|log]: 2020-06-27 22:40:40 | load file...
[kever|log]: 2020-06-27 22:40:41 | load file done
[kever|log]: 2020-06-27 22:40:41 | server listening http://127.0.0.1:9000
[kever|log]: 2020-06-27 22:40:41 | server is running...

[kever|log]: 2020-06-27 22:41:12 | load file...
[kever|log]: 2020-06-27 22:41:13 | load file done
[kever|log]: 2020-06-27 22:41:13 | server listening http://127.0.0.1:9000
[kever|log]: 2020-06-27 22:41:13 | server is running...

[kever|log]: 2020-06-27 22:41:21 | load file...
[kever|log]: 2020-06-27 22:41:21 | load file done
[kever|log]: 2020-06-27 22:41:21 | server listening http://127.0.0.1:9000
[kever|log]: 2020-06-27 22:41:21 | server is running...

[kever|log]: 2020-06-27 22:42:05 | load file...
[kever|log]: 2020-06-27 22:42:06 | load file done
[kever|log]: 2020-06-27 22:42:06 | server listening http://127.0.0.1:9000
[kever|log]: 2020-06-27 22:42:06 | server is running...

[kever|log]: 2020-06-27 22:44:47 | load file...
[kever|log]: 2020-06-27 22:44:47 | load file done
[kever|log]: 2020-06-27 22:44:47 | server listening http://127.0.0.1:9000
[kever|log]: 2020-06-27 22:44:47 | server is running...

[kever|log]: 2020-06-27 22:45:59 | load file...
[kever|log]: 2020-06-27 22:45:59 | load file done
[kever|log]: 2020-06-27 22:45:59 | server listening http://127.0.0.1:9000
[kever|log]: 2020-06-27 22:45:59 | server is running...

[kever|log]: 2020-06-27 22:46:26 | load file...
[kever|log]: 2020-06-27 22:46:26 | load file done
[kever|log]: 2020-06-27 22:46:26 | server listening http://127.0.0.1:9000
[kever|log]: 2020-06-27 22:46:26 | server is running...

[kever|log]: 2020-06-27 22:47:07 | load file...
[kever|log]: 2020-06-27 22:47:07 | load file done
[kever|log]: 2020-06-27 22:47:07 | server listening http://127.0.0.1:9000
[kever|log]: 2020-06-27 22:47:07 | server is running...

[kever|log]: 2020-06-27 22:48:02 | load file...
[kever|log]: 2020-06-27 22:48:02 | load file done
[kever|log]: 2020-06-27 22:48:02 | server listening http://127.0.0.1:9000
[kever|log]: 2020-06-27 22:48:02 | server is running...

[kever|log]: 2020-06-27 22:49:07 | load file...
[kever|log]: 2020-06-27 22:49:08 | load file done
[kever|log]: 2020-06-27 22:49:08 | server listening http://127.0.0.1:9000
[kever|log]: 2020-06-27 22:49:08 | server is running...

[kever|log]: 2020-06-27 22:50:18 | load file...
[kever|log]: 2020-06-27 22:50:19 | load file done
[kever|log]: 2020-06-27 22:50:19 | server listening http://127.0.0.1:9000
[kever|log]: 2020-06-27 22:50:19 | server is running...

[kever|log]: 2020-06-27 22:50:33 | load file...
[kever|log]: 2020-06-27 22:50:34 | load file done
[kever|log]: 2020-06-27 22:50:34 | server listening http://127.0.0.1:9000
[kever|log]: 2020-06-27 22:50:34 | server is running...

[kever|log]: 2020-06-27 22:50:49 | load file...
[kever|log]: 2020-06-27 22:50:50 | load file done
[kever|log]: 2020-06-27 22:50:50 | server listening http://127.0.0.1:9000
[kever|log]: 2020-06-27 22:50:50 | server is running...

[kever|log]: 2020-06-27 22:51:08 | load file...
[kever|log]: 2020-06-27 22:51:09 | load file done
[kever|log]: 2020-06-27 22:51:09 | server listening http://127.0.0.1:9000
[kever|log]: 2020-06-27 22:51:09 | server is running...

[kever|log]: 2020-06-27 22:52:13 | load file...
[kever|log]: 2020-06-27 22:52:13 | load file done
[kever|log]: 2020-06-27 22:52:13 | server listening http://127.0.0.1:9000
[kever|log]: 2020-06-27 22:52:13 | server is running...

[kever|log]: 2020-06-27 22:54:43 | load file...
[kever|log]: 2020-06-27 22:54:43 | load file done
[kever|log]: 2020-06-27 22:54:43 | server listening http://127.0.0.1:9000
[kever|log]: 2020-06-27 22:54:43 | server is running...

[kever|log]: 2020-06-27 22:55:12 | load file...
[kever|log]: 2020-06-27 22:55:13 | load file done
[kever|log]: 2020-06-27 22:55:13 | server listening http://127.0.0.1:9000
[kever|log]: 2020-06-27 22:55:13 | server is running...

[kever|log]: 2020-06-27 22:56:03 | load file...
[kever|log]: 2020-06-27 22:56:04 | load file done
[kever|log]: 2020-06-27 22:56:04 | server listening http://127.0.0.1:9000
[kever|log]: 2020-06-27 22:56:04 | server is running...

[kever|log]: 2020-06-27 22:56:03 | load file...
[kever|log]: 2020-06-27 22:56:04 | load file done
[kever|log]: 2020-06-27 22:56:04 | server listening http://127.0.0.1:9000
[kever|log]: 2020-06-27 22:56:04 | server is running...
[kever|error]: 2020-06-27 22:56:06 | ReferenceError: oldRouteHandle is not defined

[kever|log]: 2020-06-27 22:56:03 | load file...
[kever|log]: 2020-06-27 22:56:04 | load file done
[kever|log]: 2020-06-27 22:56:04 | server listening http://127.0.0.1:9000
[kever|log]: 2020-06-27 22:56:04 | server is running...
[kever|error]: 2020-06-27 22:56:06 | ReferenceError: oldRouteHandle is not defined
[kever|error]: 2020-06-27 22:56:07 | ReferenceError: oldRouteHandle is not defined
[kever|error]: 2020-06-27 22:56:07 | ReferenceError: oldRouteHandle is not defined
[kever|error]: 2020-06-27 22:56:07 | ReferenceError: oldRouteHandle is not defined

[kever|log]: 2020-06-27 22:57:37 | load file...
[kever|log]: 2020-06-27 22:57:37 | load file done
[kever|log]: 2020-06-27 22:57:37 | server listening http://127.0.0.1:9000
[kever|log]: 2020-06-27 22:57:37 | server is running...

[kever|log]: 2020-06-27 22:57:37 | load file...
[kever|log]: 2020-06-27 22:57:37 | load file done
[kever|log]: 2020-06-27 22:57:37 | server listening http://127.0.0.1:9000
[kever|log]: 2020-06-27 22:57:37 | server is running...
[kever|error]: 2020-06-27 22:57:38 | ReferenceError: oldRouteHandle is not defined

[kever|log]: 2020-06-27 22:57:47 | load file...
[kever|log]: 2020-06-27 22:57:48 | load file done
[kever|log]: 2020-06-27 22:57:48 | server listening http://127.0.0.1:9000
[kever|log]: 2020-06-27 22:57:48 | server is running...

[kever|log]: 2020-06-27 22:58:14 | load file...
[kever|log]: 2020-06-27 22:58:14 | load file done
[kever|log]: 2020-06-27 22:58:14 | server listening http://127.0.0.1:9000
[kever|log]: 2020-06-27 22:58:14 | server is running...

[kever|log]: 2020-06-27 23:00:11 | load file...
[kever|log]: 2020-06-27 23:00:12 | load file done
[kever|log]: 2020-06-27 23:00:12 | server listening http://127.0.0.1:9000
[kever|log]: 2020-06-27 23:00:12 | server is running...

[kever|log]: 2020-06-27 23:01:39 | load file...
[kever|log]: 2020-06-27 23:01:39 | load file done
[kever|log]: 2020-06-27 23:01:39 | server listening http://127.0.0.1:9000
[kever|log]: 2020-06-27 23:01:39 | server is running...

[kever|log]: 2020-06-27 23:02:23 | load file...
[kever|log]: 2020-06-27 23:02:23 | load file done
[kever|log]: 2020-06-27 23:02:23 | server listening http://127.0.0.1:9000
[kever|log]: 2020-06-27 23:02:23 | server is running...

[kever|log]: 2020-06-27 23:04:27 | load file...
[kever|log]: 2020-06-27 23:04:27 | load file done
[kever|log]: 2020-06-27 23:04:27 | server listening http://127.0.0.1:9000
[kever|log]: 2020-06-27 23:04:27 | server is running...

[kever|log]: 2020-06-27 23:05:45 | load file...
[kever|log]: 2020-06-27 23:05:45 | load file done
[kever|log]: 2020-06-27 23:05:45 | server listening http://127.0.0.1:9000
[kever|log]: 2020-06-27 23:05:45 | server is running...

[kever|log]: 2020-06-27 23:06:18 | load file...
[kever|log]: 2020-06-27 23:06:18 | load file done
[kever|log]: 2020-06-27 23:06:18 | server listening http://127.0.0.1:9000
[kever|log]: 2020-06-27 23:06:18 | server is running...

[kever|log]: 2020-06-27 23:07:02 | load file...
[kever|log]: 2020-06-27 23:07:02 | load file done
[kever|log]: 2020-06-27 23:07:02 | server listening http://127.0.0.1:9000
[kever|log]: 2020-06-27 23:07:02 | server is running...

[kever|log]: 2020-06-27 23:07:24 | load file...
[kever|log]: 2020-06-27 23:07:25 | load file done
[kever|log]: 2020-06-27 23:07:25 | server listening http://127.0.0.1:9000
[kever|log]: 2020-06-27 23:07:25 | server is running...

[kever|log]: 2020-06-27 23:08:12 | load file...
[kever|log]: 2020-06-27 23:08:12 | load file done
[kever|log]: 2020-06-27 23:08:12 | server listening http://127.0.0.1:9000
[kever|log]: 2020-06-27 23:08:12 | server is running...

[kever|log]: 2020-06-27 23:09:37 | load file...
[kever|log]: 2020-06-27 23:09:37 | load file done
[kever|log]: 2020-06-27 23:09:37 | server listening http://127.0.0.1:9000
[kever|log]: 2020-06-27 23:09:37 | server is running...

[kever|log]: 2020-06-27 23:10:05 | load file...
[kever|log]: 2020-06-27 23:10:06 | load file done
[kever|log]: 2020-06-27 23:10:06 | server listening http://127.0.0.1:9000
[kever|log]: 2020-06-27 23:10:06 | server is running...

[kever|log]: 2020-06-27 23:10:45 | load file...
[kever|log]: 2020-06-27 23:10:45 | load file done
[kever|log]: 2020-06-27 23:10:45 | server listening http://127.0.0.1:9000
[kever|log]: 2020-06-27 23:10:45 | server is running...

[kever|log]: 2020-06-27 23:11:05 | load file...
[kever|log]: 2020-06-27 23:11:06 | load file done
[kever|log]: 2020-06-27 23:11:06 | server listening http://127.0.0.1:9000
[kever|log]: 2020-06-27 23:11:06 | server is running...

[kever|log]: 2020-06-27 23:11:27 | load file...
[kever|log]: 2020-06-27 23:11:27 | load file done
[kever|log]: 2020-06-27 23:11:27 | server listening http://127.0.0.1:9000
[kever|log]: 2020-06-27 23:11:27 | server is running...

[kever|log]: 2020-06-27 23:11:55 | load file...
[kever|log]: 2020-06-27 23:11:56 | load file done
[kever|log]: 2020-06-27 23:11:56 | server listening http://127.0.0.1:9000
[kever|log]: 2020-06-27 23:11:56 | server is running...

[kever|log]: 2020-06-27 23:12:38 | load file...
[kever|log]: 2020-06-27 23:12:38 | load file done
[kever|log]: 2020-06-27 23:12:38 | server listening http://127.0.0.1:9000
[kever|log]: 2020-06-27 23:12:38 | server is running...

[kever|log]: 2020-06-27 23:13:27 | load file...
[kever|log]: 2020-06-27 23:13:27 | load file done
[kever|log]: 2020-06-27 23:13:27 | server listening http://127.0.0.1:9000
[kever|log]: 2020-06-27 23:13:27 | server is running...

[kever|log]: 2020-06-27 23:13:53 | load file...
[kever|log]: 2020-06-27 23:13:54 | load file done
[kever|log]: 2020-06-27 23:13:54 | server listening http://127.0.0.1:9000
[kever|log]: 2020-06-27 23:13:54 | server is running...

[kever|log]: 2020-06-27 23:14:49 | load file...
[kever|log]: 2020-06-27 23:14:50 | load file done
[kever|log]: 2020-06-27 23:14:50 | server listening http://127.0.0.1:9000
[kever|log]: 2020-06-27 23:14:50 | server is running...

[kever|log]: 2020-06-27 23:15:19 | load file...
[kever|log]: 2020-06-27 23:15:20 | load file done
[kever|log]: 2020-06-27 23:15:20 | server listening http://127.0.0.1:9000
[kever|log]: 2020-06-27 23:15:20 | server is running...

[kever|log]: 2020-06-27 23:15:56 | load file...
[kever|log]: 2020-06-27 23:15:57 | load file done
[kever|log]: 2020-06-27 23:15:57 | server listening http://127.0.0.1:9000
[kever|log]: 2020-06-27 23:15:57 | server is running...

[kever|log]: 2020-06-27 23:16:34 | load file...
[kever|log]: 2020-06-27 23:16:35 | load file done
[kever|log]: 2020-06-27 23:16:35 | server listening http://127.0.0.1:9000
[kever|log]: 2020-06-27 23:16:35 | server is running...

[kever|log]: 2020-06-27 23:16:51 | load file...
[kever|log]: 2020-06-27 23:16:52 | load file done
[kever|log]: 2020-06-27 23:16:52 | server listening http://127.0.0.1:9000
[kever|log]: 2020-06-27 23:16:52 | server is running...

[kever|log]: 2020-06-27 23:17:13 | load file...
[kever|log]: 2020-06-27 23:17:13 | load file done
[kever|log]: 2020-06-27 23:17:13 | server listening http://127.0.0.1:9000
[kever|log]: 2020-06-27 23:17:13 | server is running...

[kever|log]: 2020-06-27 23:17:45 | load file...
[kever|log]: 2020-06-27 23:17:45 | load file done
[kever|log]: 2020-06-27 23:17:45 | server listening http://127.0.0.1:9000
[kever|log]: 2020-06-27 23:17:45 | server is running...

[kever|log]: 2020-06-27 23:17:55 | load file...
[kever|log]: 2020-06-27 23:17:55 | load file done
[kever|log]: 2020-06-27 23:17:55 | server listening http://127.0.0.1:9000
[kever|log]: 2020-06-27 23:17:55 | server is running...

[kever|log]: 2020-06-27 23:18:21 | load file...
[kever|log]: 2020-06-27 23:18:21 | load file done
[kever|log]: 2020-06-27 23:18:21 | server listening http://127.0.0.1:9000
[kever|log]: 2020-06-27 23:18:21 | server is running...

[kever|log]: 2020-06-27 23:19:46 | load file...
[kever|log]: 2020-06-27 23:19:46 | load file done
[kever|log]: 2020-06-27 23:19:46 | server listening http://127.0.0.1:9000
[kever|log]: 2020-06-27 23:19:46 | server is running...

[kever|log]: 2020-06-27 23:19:59 | load file...
[kever|log]: 2020-06-27 23:20:00 | load file done
[kever|log]: 2020-06-27 23:20:00 | server listening http://127.0.0.1:9000
[kever|log]: 2020-06-27 23:20:00 | server is running...

[kever|log]: 2020-06-27 23:21:41 | load file...
[kever|log]: 2020-06-27 23:21:42 | load file done
[kever|log]: 2020-06-27 23:21:42 | server listening http://127.0.0.1:9000
[kever|log]: 2020-06-27 23:21:42 | server is running...

[kever|log]: 2020-06-27 23:22:35 | load file...
[kever|log]: 2020-06-27 23:22:35 | load file done
[kever|log]: 2020-06-27 23:22:35 | server listening http://127.0.0.1:9000
[kever|log]: 2020-06-27 23:22:35 | server is running...

[kever|log]: 2020-06-27 23:22:57 | load file...
[kever|log]: 2020-06-27 23:22:58 | load file done
[kever|log]: 2020-06-27 23:22:58 | server listening http://127.0.0.1:9000
[kever|log]: 2020-06-27 23:22:58 | server is running...

[kever|log]: 2020-06-27 23:23:26 | load file...
[kever|log]: 2020-06-27 23:23:26 | load file done
[kever|log]: 2020-06-27 23:23:26 | server listening http://127.0.0.1:9000
[kever|log]: 2020-06-27 23:23:26 | server is running...

[kever|log]: 2020-06-27 23:23:43 | load file...
[kever|log]: 2020-06-27 23:23:43 | load file done
[kever|log]: 2020-06-27 23:23:43 | server listening http://127.0.0.1:9000
[kever|log]: 2020-06-27 23:23:43 | server is running...

[kever|log]: 2020-06-27 23:24:08 | load file...
[kever|log]: 2020-06-27 23:24:08 | load file done
[kever|log]: 2020-06-27 23:24:08 | server listening http://127.0.0.1:9000
[kever|log]: 2020-06-27 23:24:08 | server is running...

[kever|log]: 2020-06-27 23:25:35 | load file...
[kever|log]: 2020-06-27 23:25:35 | load file done
[kever|log]: 2020-06-27 23:25:35 | server listening http://127.0.0.1:9000
[kever|log]: 2020-06-27 23:25:35 | server is running...

[kever|log]: 2020-06-27 23:28:45 | load file...
[kever|log]: 2020-06-27 23:28:45 | load file done
[kever|log]: 2020-06-27 23:28:45 | server listening http://127.0.0.1:9000
[kever|log]: 2020-06-27 23:28:45 | server is running...

[kever|log]: 2020-06-27 23:29:31 | load file...
[kever|log]: 2020-06-27 23:29:31 | load file done
[kever|log]: 2020-06-27 23:29:31 | server listening http://127.0.0.1:9000
[kever|log]: 2020-06-27 23:29:31 | server is running...

[kever|log]: 2020-06-27 23:30:06 | load file...
[kever|log]: 2020-06-27 23:30:06 | load file done
[kever|log]: 2020-06-27 23:30:06 | server listening http://127.0.0.1:9000
[kever|log]: 2020-06-27 23:30:06 | server is running...

[kever|log]: 2020-06-27 23:30:26 | load file...
[kever|log]: 2020-06-27 23:30:26 | load file done
[kever|log]: 2020-06-27 23:30:26 | server listening http://127.0.0.1:9000
[kever|log]: 2020-06-27 23:30:26 | server is running...

[kever|log]: 2020-06-27 23:32:21 | load file...
[kever|log]: 2020-06-27 23:32:21 | load file done
[kever|log]: 2020-06-27 23:32:21 | server listening http://127.0.0.1:9000
[kever|log]: 2020-06-27 23:32:21 | server is running...

[kever|log]: 2020-06-27 23:32:39 | load file...
[kever|log]: 2020-06-27 23:32:40 | load file done
[kever|log]: 2020-06-27 23:32:40 | server listening http://127.0.0.1:9000
[kever|log]: 2020-06-27 23:32:40 | server is running...

[kever|log]: 2020-06-27 23:33:22 | load file...
[kever|log]: 2020-06-27 23:33:22 | load file done
[kever|log]: 2020-06-27 23:33:22 | server listening http://127.0.0.1:9000
[kever|log]: 2020-06-27 23:33:22 | server is running...

[kever|log]: 2020-06-27 23:33:53 | load file...
[kever|log]: 2020-06-27 23:33:53 | load file done
[kever|log]: 2020-06-27 23:33:53 | server listening http://127.0.0.1:9000
[kever|log]: 2020-06-27 23:33:53 | server is running...

[kever|log]: 2020-06-27 23:34:26 | load file...
[kever|log]: 2020-06-27 23:34:26 | load file done
[kever|log]: 2020-06-27 23:34:26 | server listening http://127.0.0.1:9000
[kever|log]: 2020-06-27 23:34:26 | server is running...

[kever|log]: 2020-06-27 23:34:43 | load file...
[kever|log]: 2020-06-27 23:34:43 | load file done
[kever|log]: 2020-06-27 23:34:43 | server listening http://127.0.0.1:9000
[kever|log]: 2020-06-27 23:34:43 | server is running...

[kever|log]: 2020-06-27 23:34:55 | load file...
[kever|log]: 2020-06-27 23:34:55 | load file done
[kever|log]: 2020-06-27 23:34:56 | server listening http://127.0.0.1:9000
[kever|log]: 2020-06-27 23:34:56 | server is running...

[kever|log]: 2020-06-27 23:35:13 | load file...
[kever|log]: 2020-06-27 23:35:13 | load file done
[kever|log]: 2020-06-27 23:35:13 | server listening http://127.0.0.1:9000
[kever|log]: 2020-06-27 23:35:13 | server is running...