

[kever|log]: 2020-07-11 11:33:02 | load file...
[kever|log]: 2020-07-11 11:33:02 | load file done
[kever|log]: 2020-07-11 11:33:02 | server listening http://127.0.0.1:9000
[kever|log]: 2020-07-11 11:33:02 | server is running...

[kever|log]: 2020-07-11 11:33:49 | load file...
[kever|log]: 2020-07-11 11:33:49 | load file done
[kever|log]: 2020-07-11 11:33:49 | server listening http://127.0.0.1:9000
[kever|log]: 2020-07-11 11:33:49 | server is running...

[kever|log]: 2020-07-11 11:34:22 | load file...
[kever|log]: 2020-07-11 11:34:23 | load file done
[kever|log]: 2020-07-11 11:34:23 | server listening http://127.0.0.1:9000
[kever|log]: 2020-07-11 11:34:23 | server is running...

[kever|log]: 2020-07-11 11:34:22 | load file...
[kever|log]: 2020-07-11 11:34:23 | load file done
[kever|log]: 2020-07-11 11:34:23 | server listening http://127.0.0.1:9000
[kever|log]: 2020-07-11 11:34:23 | server is running...
[kever|error]: 2020-07-11 11:34:27 | ReferenceError: name is not defined

[kever|log]: 2020-07-11 11:34:48 | load file...
[kever|log]: 2020-07-11 11:34:48 | load file done
[kever|log]: 2020-07-11 11:34:48 | server listening http://127.0.0.1:9000
[kever|log]: 2020-07-11 11:34:48 | server is running...

[kever|log]: 2020-07-11 11:35:14 | load file...
[kever|log]: 2020-07-11 11:35:15 | load file done
[kever|log]: 2020-07-11 11:35:15 | server listening http://127.0.0.1:9000
[kever|log]: 2020-07-11 11:35:15 | server is running...

[kever|log]: 2020-07-11 11:38:19 | load file...
[kever|log]: 2020-07-11 11:38:19 | load file done
[kever|log]: 2020-07-11 11:38:19 | server listening http://127.0.0.1:9000
[kever|log]: 2020-07-11 11:38:19 | server is running...

[kever|log]: 2020-07-11 11:39:40 | load file...
[kever|log]: 2020-07-11 11:39:41 | load file done
[kever|log]: 2020-07-11 11:39:41 | server listening http://127.0.0.1:9000
[kever|log]: 2020-07-11 11:39:41 | server is running...

[kever|log]: 2020-07-11 11:40:03 | load file...
[kever|log]: 2020-07-11 11:40:03 | load file done
[kever|log]: 2020-07-11 11:40:03 | server listening http://127.0.0.1:9000
[kever|log]: 2020-07-11 11:40:03 | server is running...

[kever|log]: 2020-07-11 11:41:58 | load file...
[kever|log]: 2020-07-11 11:41:58 | load file done
[kever|log]: 2020-07-11 11:41:58 | server listening http://127.0.0.1:9000
[kever|log]: 2020-07-11 11:41:58 | server is running...

[kever|log]: 2020-07-11 11:43:01 | load file...
[kever|log]: 2020-07-11 11:43:01 | load file done
[kever|log]: 2020-07-11 11:43:01 | server listening http://127.0.0.1:9000
[kever|log]: 2020-07-11 11:43:01 | server is running...

[kever|log]: 2020-07-11 11:44:27 | load file...
[kever|log]: 2020-07-11 11:44:27 | load file done
[kever|log]: 2020-07-11 11:44:27 | server listening http://127.0.0.1:9000
[kever|log]: 2020-07-11 11:44:27 | server is running...

[kever|log]: 2020-07-11 11:45:09 | load file...
[kever|log]: 2020-07-11 11:45:09 | load file done
[kever|log]: 2020-07-11 11:45:09 | server listening http://127.0.0.1:9000
[kever|log]: 2020-07-11 11:45:09 | server is running...

[kever|log]: 2020-07-11 11:45:40 | load file...
[kever|log]: 2020-07-11 11:45:41 | load file done
[kever|log]: 2020-07-11 11:45:41 | server listening http://127.0.0.1:9000
[kever|log]: 2020-07-11 11:45:41 | server is running...

[kever|log]: 2020-07-11 11:46:05 | load file...
[kever|log]: 2020-07-11 11:46:05 | load file done
[kever|log]: 2020-07-11 11:46:05 | server listening http://127.0.0.1:9000
[kever|log]: 2020-07-11 11:46:05 | server is running...

[kever|log]: 2020-07-11 11:46:20 | load file...
[kever|log]: 2020-07-11 11:46:20 | load file done
[kever|log]: 2020-07-11 11:46:20 | server listening http://127.0.0.1:9000
[kever|log]: 2020-07-11 11:46:20 | server is running...

[kever|log]: 2020-07-11 11:46:47 | load file...
[kever|log]: 2020-07-11 11:46:48 | load file done
[kever|log]: 2020-07-11 11:46:48 | server listening http://127.0.0.1:9000
[kever|log]: 2020-07-11 11:46:48 | server is running...

[kever|log]: 2020-07-11 11:47:01 | load file...
[kever|log]: 2020-07-11 11:47:01 | load file done
[kever|log]: 2020-07-11 11:47:01 | server listening http://127.0.0.1:9000
[kever|log]: 2020-07-11 11:47:01 | server is running...

[kever|log]: 2020-07-11 11:48:02 | load file...
[kever|log]: 2020-07-11 11:48:02 | load file done
[kever|log]: 2020-07-11 11:48:02 | server listening http://127.0.0.1:9000
[kever|log]: 2020-07-11 11:48:02 | server is running...

[kever|log]: 2020-07-11 11:49:05 | load file...
[kever|log]: 2020-07-11 11:49:06 | load file done
[kever|log]: 2020-07-11 11:49:06 | server listening http://127.0.0.1:9000
[kever|log]: 2020-07-11 11:49:06 | server is running...

[kever|log]: 2020-07-11 11:49:31 | load file...
[kever|log]: 2020-07-11 11:49:31 | load file done
[kever|log]: 2020-07-11 11:49:31 | server listening http://127.0.0.1:9000
[kever|log]: 2020-07-11 11:49:31 | server is running...

[kever|log]: 2020-07-11 11:50:09 | load file...
[kever|log]: 2020-07-11 11:50:09 | load file done
[kever|log]: 2020-07-11 11:50:09 | server listening http://127.0.0.1:9000
[kever|log]: 2020-07-11 11:50:09 | server is running...

[kever|log]: 2020-07-11 11:50:31 | load file...
[kever|log]: 2020-07-11 11:50:32 | load file done
[kever|log]: 2020-07-11 11:50:32 | server listening http://127.0.0.1:9000
[kever|log]: 2020-07-11 11:50:32 | server is running...

[kever|log]: 2020-07-11 11:50:45 | load file...
[kever|log]: 2020-07-11 11:50:45 | load file done
[kever|log]: 2020-07-11 11:50:45 | server listening http://127.0.0.1:9000
[kever|log]: 2020-07-11 11:50:45 | server is running...

[kever|log]: 2020-07-11 11:51:33 | load file...
[kever|log]: 2020-07-11 11:51:34 | load file done
[kever|log]: 2020-07-11 11:51:34 | server listening http://127.0.0.1:9000
[kever|log]: 2020-07-11 11:51:34 | server is running...

[kever|log]: 2020-07-11 11:56:30 | load file...
[kever|log]: 2020-07-11 11:56:31 | load file done
[kever|log]: 2020-07-11 11:56:31 | server listening http://127.0.0.1:9000
[kever|log]: 2020-07-11 11:56:31 | server is running...

[kever|log]: 2020-07-11 11:57:45 | load file...
[kever|log]: 2020-07-11 11:57:45 | load file done
[kever|log]: 2020-07-11 11:57:45 | server listening http://127.0.0.1:9000
[kever|log]: 2020-07-11 11:57:45 | server is running...

[kever|log]: 2020-07-11 11:58:14 | load file...
[kever|log]: 2020-07-11 11:58:14 | load file done
[kever|log]: 2020-07-11 11:58:14 | server listening http://127.0.0.1:9000
[kever|log]: 2020-07-11 11:58:14 | server is running...

[kever|log]: 2020-07-11 11:58:50 | load file...
[kever|log]: 2020-07-11 11:58:50 | load file done
[kever|log]: 2020-07-11 11:58:50 | server listening http://127.0.0.1:9000
[kever|log]: 2020-07-11 11:58:50 | server is running...

[kever|log]: 2020-07-11 11:59:37 | load file...
[kever|log]: 2020-07-11 11:59:37 | load file done
[kever|log]: 2020-07-11 11:59:37 | server listening http://127.0.0.1:9000
[kever|log]: 2020-07-11 11:59:37 | server is running...

[kever|log]: 2020-07-11 11:59:55 | load file...
[kever|log]: 2020-07-11 11:59:56 | load file done
[kever|log]: 2020-07-11 11:59:56 | server listening http://127.0.0.1:9000
[kever|log]: 2020-07-11 11:59:56 | server is running...

[kever|log]: 2020-07-11 12:00:10 | load file...
[kever|log]: 2020-07-11 12:00:10 | load file done
[kever|log]: 2020-07-11 12:00:10 | server listening http://127.0.0.1:9000
[kever|log]: 2020-07-11 12:00:10 | server is running...

[kever|log]: 2020-07-11 12:00:40 | load file...
[kever|log]: 2020-07-11 12:00:41 | load file done
[kever|log]: 2020-07-11 12:00:41 | server listening http://127.0.0.1:9000
[kever|log]: 2020-07-11 12:00:41 | server is running...

[kever|log]: 2020-07-11 12:01:03 | load file...
[kever|log]: 2020-07-11 12:01:03 | load file done
[kever|log]: 2020-07-11 12:01:03 | server listening http://127.0.0.1:9000
[kever|log]: 2020-07-11 12:01:03 | server is running...

[kever|log]: 2020-07-11 12:01:16 | load file...
[kever|log]: 2020-07-11 12:01:16 | load file done
[kever|log]: 2020-07-11 12:01:16 | server listening http://127.0.0.1:9000
[kever|log]: 2020-07-11 12:01:16 | server is running...

[kever|log]: 2020-07-11 12:01:29 | load file...
[kever|log]: 2020-07-11 12:01:30 | load file done
[kever|log]: 2020-07-11 12:01:30 | server listening http://127.0.0.1:9000
[kever|log]: 2020-07-11 12:01:30 | server is running...

[kever|log]: 2020-07-11 12:02:02 | load file...
[kever|log]: 2020-07-11 12:02:03 | load file done
[kever|log]: 2020-07-11 12:02:03 | server listening http://127.0.0.1:9000
[kever|log]: 2020-07-11 12:02:03 | server is running...

[kever|log]: 2020-07-11 12:03:30 | load file...
[kever|log]: 2020-07-11 12:03:30 | load file done
[kever|log]: 2020-07-11 12:03:30 | server listening http://127.0.0.1:9000
[kever|log]: 2020-07-11 12:03:30 | server is running...

[kever|log]: 2020-07-11 12:03:44 | load file...
[kever|log]: 2020-07-11 12:03:44 | load file done
[kever|log]: 2020-07-11 12:03:44 | server listening http://127.0.0.1:9000
[kever|log]: 2020-07-11 12:03:44 | server is running...

[kever|log]: 2020-07-11 12:04:24 | load file...
[kever|log]: 2020-07-11 12:04:25 | load file done
[kever|log]: 2020-07-11 12:04:25 | server listening http://127.0.0.1:9000
[kever|log]: 2020-07-11 12:04:25 | server is running...

[kever|log]: 2020-07-11 12:04:54 | load file...
[kever|log]: 2020-07-11 12:04:55 | load file done
[kever|log]: 2020-07-11 12:04:55 | server listening http://127.0.0.1:9000
[kever|log]: 2020-07-11 12:04:55 | server is running...

[kever|log]: 2020-07-11 12:08:43 | load file...
[kever|log]: 2020-07-11 12:08:44 | load file done
[kever|log]: 2020-07-11 12:08:44 | server listening http://127.0.0.1:9000
[kever|log]: 2020-07-11 12:08:44 | server is running...

[kever|log]: 2020-07-11 12:09:03 | load file...
[kever|log]: 2020-07-11 12:09:03 | load file done
[kever|log]: 2020-07-11 12:09:03 | server listening http://127.0.0.1:9000
[kever|log]: 2020-07-11 12:09:03 | server is running...

[kever|log]: 2020-07-11 12:09:13 | load file...
[kever|log]: 2020-07-11 12:09:13 | load file done
[kever|log]: 2020-07-11 12:09:13 | server listening http://127.0.0.1:9000
[kever|log]: 2020-07-11 12:09:13 | server is running...

[kever|log]: 2020-07-11 12:09:46 | load file...
[kever|log]: 2020-07-11 12:09:46 | load file done
[kever|log]: 2020-07-11 12:09:46 | server listening http://127.0.0.1:9000
[kever|log]: 2020-07-11 12:09:46 | server is running...

[kever|log]: 2020-07-11 12:10:22 | load file...
[kever|log]: 2020-07-11 12:10:22 | load file done
[kever|log]: 2020-07-11 12:10:22 | server listening http://127.0.0.1:9000
[kever|log]: 2020-07-11 12:10:22 | server is running...

[kever|log]: 2020-07-11 12:10:34 | load file...
[kever|log]: 2020-07-11 12:10:34 | load file done
[kever|log]: 2020-07-11 12:10:34 | server listening http://127.0.0.1:9000
[kever|log]: 2020-07-11 12:10:34 | server is running...

[kever|log]: 2020-07-11 12:10:43 | load file...
[kever|log]: 2020-07-11 12:10:43 | load file done
[kever|log]: 2020-07-11 12:10:43 | server listening http://127.0.0.1:9000
[kever|log]: 2020-07-11 12:10:43 | server is running...

[kever|log]: 2020-07-11 12:10:51 | load file...
[kever|log]: 2020-07-11 12:10:52 | load file done
[kever|log]: 2020-07-11 12:10:52 | server listening http://127.0.0.1:9000
[kever|log]: 2020-07-11 12:10:52 | server is running...

[kever|log]: 2020-07-11 12:12:04 | load file...
[kever|log]: 2020-07-11 12:12:04 | load file done
[kever|log]: 2020-07-11 12:12:04 | server listening http://127.0.0.1:9000
[kever|log]: 2020-07-11 12:12:04 | server is running...

[kever|log]: 2020-07-11 12:12:18 | load file...
[kever|log]: 2020-07-11 12:12:18 | load file done
[kever|log]: 2020-07-11 12:12:18 | server listening http://127.0.0.1:9000
[kever|log]: 2020-07-11 12:12:18 | server is running...

[kever|log]: 2020-07-11 12:13:03 | load file...
[kever|log]: 2020-07-11 12:13:03 | load file done
[kever|log]: 2020-07-11 12:13:03 | server listening http://127.0.0.1:9000
[kever|log]: 2020-07-11 12:13:03 | server is running...

[kever|log]: 2020-07-11 12:15:17 | load file...
[kever|log]: 2020-07-11 12:15:17 | load file done
[kever|log]: 2020-07-11 12:15:17 | server listening http://127.0.0.1:9000
[kever|log]: 2020-07-11 12:15:17 | server is running...

[kever|log]: 2020-07-11 12:15:25 | load file...
[kever|log]: 2020-07-11 12:15:25 | load file done
[kever|log]: 2020-07-11 12:15:25 | server listening http://127.0.0.1:9000
[kever|log]: 2020-07-11 12:15:25 | server is running...

[kever|log]: 2020-07-11 12:15:42 | load file...
[kever|log]: 2020-07-11 12:15:42 | load file done
[kever|log]: 2020-07-11 12:15:42 | server listening http://127.0.0.1:9000
[kever|log]: 2020-07-11 12:15:42 | server is running...

[kever|log]: 2020-07-11 12:16:04 | load file...
[kever|log]: 2020-07-11 12:16:04 | load file done
[kever|log]: 2020-07-11 12:16:04 | server listening http://127.0.0.1:9000
[kever|log]: 2020-07-11 12:16:04 | server is running...

[kever|log]: 2020-07-11 12:21:25 | load file...
[kever|log]: 2020-07-11 12:21:25 | load file done
[kever|log]: 2020-07-11 12:21:25 | server listening http://127.0.0.1:9000
[kever|log]: 2020-07-11 12:21:25 | server is running...

[kever|log]: 2020-07-11 12:21:52 | load file...
[kever|log]: 2020-07-11 12:21:52 | load file done
[kever|log]: 2020-07-11 12:21:52 | server listening http://127.0.0.1:9000
[kever|log]: 2020-07-11 12:21:52 | server is running...

[kever|log]: 2020-07-11 12:22:20 | load file...
[kever|log]: 2020-07-11 12:22:20 | load file done
[kever|log]: 2020-07-11 12:22:20 | server listening http://127.0.0.1:9000
[kever|log]: 2020-07-11 12:22:20 | server is running...

[kever|log]: 2020-07-11 12:22:42 | load file...
[kever|log]: 2020-07-11 12:22:42 | load file done
[kever|log]: 2020-07-11 12:22:42 | server listening http://127.0.0.1:9000
[kever|log]: 2020-07-11 12:22:42 | server is running...

[kever|log]: 2020-07-11 12:23:14 | load file...
[kever|log]: 2020-07-11 12:23:14 | load file done
[kever|log]: 2020-07-11 12:23:14 | server listening http://127.0.0.1:9000
[kever|log]: 2020-07-11 12:23:14 | server is running...

[kever|log]: 2020-07-11 12:23:35 | load file...
[kever|log]: 2020-07-11 12:23:35 | load file done
[kever|log]: 2020-07-11 12:23:35 | server listening http://127.0.0.1:9000
[kever|log]: 2020-07-11 12:23:35 | server is running...

[kever|log]: 2020-07-11 12:24:01 | load file...
[kever|log]: 2020-07-11 12:24:01 | load file done
[kever|log]: 2020-07-11 12:24:01 | server listening http://127.0.0.1:9000
[kever|log]: 2020-07-11 12:24:01 | server is running...

[kever|log]: 2020-07-11 12:25:59 | load file...
[kever|log]: 2020-07-11 12:25:59 | load file done
[kever|log]: 2020-07-11 12:25:59 | server listening http://127.0.0.1:9000
[kever|log]: 2020-07-11 12:25:59 | server is running...

[kever|log]: 2020-07-11 12:26:05 | load file...
[kever|log]: 2020-07-11 12:26:05 | load file done
[kever|log]: 2020-07-11 12:26:05 | server listening http://127.0.0.1:9000
[kever|log]: 2020-07-11 12:26:05 | server is running...

[kever|log]: 2020-07-11 12:26:24 | load file...
[kever|log]: 2020-07-11 12:26:24 | load file done
[kever|log]: 2020-07-11 12:26:24 | server listening http://127.0.0.1:9000
[kever|log]: 2020-07-11 12:26:24 | server is running...

[kever|log]: 2020-07-11 12:27:15 | load file...
[kever|log]: 2020-07-11 12:27:15 | load file done
[kever|log]: 2020-07-11 12:27:15 | server listening http://127.0.0.1:9000
[kever|log]: 2020-07-11 12:27:15 | server is running...

[kever|log]: 2020-07-11 12:27:54 | load file...
[kever|log]: 2020-07-11 12:27:54 | load file done
[kever|log]: 2020-07-11 12:27:54 | server listening http://127.0.0.1:9000
[kever|log]: 2020-07-11 12:27:54 | server is running...

[kever|log]: 2020-07-11 12:28:09 | load file...
[kever|log]: 2020-07-11 12:28:09 | load file done
[kever|log]: 2020-07-11 12:28:09 | server listening http://127.0.0.1:9000
[kever|log]: 2020-07-11 12:28:09 | server is running...

[kever|log]: 2020-07-11 12:33:10 | load file...
[kever|log]: 2020-07-11 12:33:10 | load file done
[kever|log]: 2020-07-11 12:33:10 | server listening http://127.0.0.1:9000
[kever|log]: 2020-07-11 12:33:10 | server is running...

[kever|log]: 2020-07-11 12:33:24 | load file...
[kever|log]: 2020-07-11 12:33:24 | load file done
[kever|log]: 2020-07-11 12:33:24 | server listening http://127.0.0.1:9000
[kever|log]: 2020-07-11 12:33:24 | server is running...

[kever|log]: 2020-07-11 12:33:31 | load file...
[kever|log]: 2020-07-11 12:33:31 | load file done
[kever|log]: 2020-07-11 12:33:31 | server listening http://127.0.0.1:9000
[kever|log]: 2020-07-11 12:33:31 | server is running...

[kever|log]: 2020-07-11 12:33:36 | load file...
[kever|log]: 2020-07-11 12:33:36 | load file done
[kever|log]: 2020-07-11 12:33:36 | server listening http://127.0.0.1:9000
[kever|log]: 2020-07-11 12:33:36 | server is running...

[kever|log]: 2020-07-11 12:33:49 | load file...
[kever|log]: 2020-07-11 12:33:49 | load file done
[kever|log]: 2020-07-11 12:33:49 | server listening http://127.0.0.1:9000
[kever|log]: 2020-07-11 12:33:49 | server is running...

[kever|log]: 2020-07-11 12:34:00 | load file...
[kever|log]: 2020-07-11 12:34:00 | load file done
[kever|log]: 2020-07-11 12:34:00 | server listening http://127.0.0.1:9000
[kever|log]: 2020-07-11 12:34:00 | server is running...

[kever|log]: 2020-07-11 12:34:20 | load file...
[kever|log]: 2020-07-11 12:34:20 | load file done
[kever|log]: 2020-07-11 12:34:20 | server listening http://127.0.0.1:9000
[kever|log]: 2020-07-11 12:34:20 | server is running...

[kever|log]: 2020-07-11 12:34:25 | load file...
[kever|log]: 2020-07-11 12:34:25 | load file done
[kever|log]: 2020-07-11 12:34:25 | server listening http://127.0.0.1:9000
[kever|log]: 2020-07-11 12:34:25 | server is running...

[kever|log]: 2020-07-11 12:34:45 | load file...
[kever|log]: 2020-07-11 12:34:45 | load file done
[kever|log]: 2020-07-11 12:34:45 | server listening http://127.0.0.1:9000
[kever|log]: 2020-07-11 12:34:45 | server is running...

[kever|log]: 2020-07-11 12:35:09 | load file...
[kever|log]: 2020-07-11 12:35:09 | load file done
[kever|log]: 2020-07-11 12:35:09 | server listening http://127.0.0.1:9000
[kever|log]: 2020-07-11 12:35:09 | server is running...

[kever|log]: 2020-07-11 12:35:17 | load file...
[kever|log]: 2020-07-11 12:35:17 | load file done
[kever|log]: 2020-07-11 12:35:17 | server listening http://127.0.0.1:9000
[kever|log]: 2020-07-11 12:35:17 | server is running...

[kever|log]: 2020-07-11 12:36:27 | load file...
[kever|log]: 2020-07-11 12:36:27 | load file done
[kever|log]: 2020-07-11 12:36:27 | server listening http://127.0.0.1:9000
[kever|log]: 2020-07-11 12:36:27 | server is running...

[kever|log]: 2020-07-11 12:36:28 | load file...
[kever|log]: 2020-07-11 12:36:28 | load file done
[kever|log]: 2020-07-11 12:36:28 | server listening http://127.0.0.1:9000
[kever|log]: 2020-07-11 12:36:28 | server is running...

[kever|log]: 2020-07-11 12:37:33 | load file...
[kever|log]: 2020-07-11 12:37:33 | load file done
[kever|log]: 2020-07-11 12:37:33 | server listening http://127.0.0.1:9000
[kever|log]: 2020-07-11 12:37:33 | server is running...

[kever|log]: 2020-07-11 12:37:41 | load file...
[kever|log]: 2020-07-11 12:37:41 | load file done
[kever|log]: 2020-07-11 12:37:41 | server listening http://127.0.0.1:9000
[kever|log]: 2020-07-11 12:37:41 | server is running...

[kever|log]: 2020-07-11 12:37:49 | load file...
[kever|log]: 2020-07-11 12:37:49 | load file done
[kever|log]: 2020-07-11 12:37:49 | server listening http://127.0.0.1:9000
[kever|log]: 2020-07-11 12:37:49 | server is running...

[kever|log]: 2020-07-11 12:37:53 | load file...
[kever|log]: 2020-07-11 12:37:53 | load file done
[kever|log]: 2020-07-11 12:37:53 | server listening http://127.0.0.1:9000
[kever|log]: 2020-07-11 12:37:53 | server is running...

[kever|log]: 2020-07-11 12:39:29 | load file...
[kever|log]: 2020-07-11 12:39:29 | load file done
[kever|log]: 2020-07-11 12:39:29 | server listening http://127.0.0.1:9000
[kever|log]: 2020-07-11 12:39:29 | server is running...

[kever|log]: 2020-07-11 12:39:34 | load file...
[kever|log]: 2020-07-11 12:39:34 | load file done
[kever|log]: 2020-07-11 12:39:34 | server listening http://127.0.0.1:9000
[kever|log]: 2020-07-11 12:39:34 | server is running...

[kever|log]: 2020-07-11 12:40:29 | load file...
[kever|log]: 2020-07-11 12:40:29 | load file done
[kever|log]: 2020-07-11 12:40:29 | server listening http://127.0.0.1:9000
[kever|log]: 2020-07-11 12:40:29 | server is running...

[kever|log]: 2020-07-11 12:40:45 | load file...
[kever|log]: 2020-07-11 12:40:45 | load file done
[kever|log]: 2020-07-11 12:40:45 | server listening http://127.0.0.1:9000
[kever|log]: 2020-07-11 12:40:45 | server is running...

[kever|log]: 2020-07-11 12:41:00 | load file...
[kever|log]: 2020-07-11 12:41:00 | load file done
[kever|log]: 2020-07-11 12:41:00 | server listening http://127.0.0.1:9000
[kever|log]: 2020-07-11 12:41:00 | server is running...

[kever|log]: 2020-07-11 12:41:11 | load file...
[kever|log]: 2020-07-11 12:41:11 | load file done
[kever|log]: 2020-07-11 12:41:11 | server listening http://127.0.0.1:9000
[kever|log]: 2020-07-11 12:41:11 | server is running...

[kever|log]: 2020-07-11 12:42:09 | load file...
[kever|log]: 2020-07-11 12:42:09 | load file done
[kever|log]: 2020-07-11 12:42:09 | server listening http://127.0.0.1:9000
[kever|log]: 2020-07-11 12:42:09 | server is running...

[kever|log]: 2020-07-11 12:42:35 | load file...
[kever|log]: 2020-07-11 12:42:35 | load file done
[kever|log]: 2020-07-11 12:42:35 | server listening http://127.0.0.1:9000
[kever|log]: 2020-07-11 12:42:35 | server is running...

[kever|log]: 2020-07-11 12:43:34 | load file...
[kever|log]: 2020-07-11 12:43:34 | load file done
[kever|log]: 2020-07-11 12:43:34 | server listening http://127.0.0.1:9000
[kever|log]: 2020-07-11 12:43:34 | server is running...

[kever|log]: 2020-07-11 12:43:55 | load file...
[kever|log]: 2020-07-11 12:43:55 | load file done
[kever|log]: 2020-07-11 12:43:55 | server listening http://127.0.0.1:9000
[kever|log]: 2020-07-11 12:43:55 | server is running...

[kever|log]: 2020-07-11 12:44:11 | load file...
[kever|log]: 2020-07-11 12:44:11 | load file done
[kever|log]: 2020-07-11 12:44:11 | server listening http://127.0.0.1:9000
[kever|log]: 2020-07-11 12:44:11 | server is running...

[kever|log]: 2020-07-11 12:44:53 | load file...
[kever|log]: 2020-07-11 12:44:53 | load file done
[kever|log]: 2020-07-11 12:44:53 | server listening http://127.0.0.1:9000
[kever|log]: 2020-07-11 12:44:53 | server is running...

[kever|log]: 2020-07-11 12:44:58 | load file...
[kever|log]: 2020-07-11 12:44:58 | load file done
[kever|log]: 2020-07-11 12:44:58 | server listening http://127.0.0.1:9000
[kever|log]: 2020-07-11 12:44:58 | server is running...

[kever|log]: 2020-07-11 12:52:41 | load file...
[kever|log]: 2020-07-11 12:52:41 | load file done
[kever|log]: 2020-07-11 12:52:41 | server listening http://127.0.0.1:9000
[kever|log]: 2020-07-11 12:52:41 | server is running...

[kever|log]: 2020-07-11 12:52:46 | load file...
[kever|log]: 2020-07-11 12:52:46 | load file done
[kever|log]: 2020-07-11 12:52:46 | server listening http://127.0.0.1:9000
[kever|log]: 2020-07-11 12:52:46 | server is running...

[kever|log]: 2020-07-11 12:53:10 | load file...
[kever|log]: 2020-07-11 12:53:10 | load file done
[kever|log]: 2020-07-11 12:53:10 | server listening http://127.0.0.1:9000
[kever|log]: 2020-07-11 12:53:10 | server is running...

[kever|log]: 2020-07-11 12:53:13 | load file...
[kever|log]: 2020-07-11 12:53:13 | load file done
[kever|log]: 2020-07-11 12:53:13 | server listening http://127.0.0.1:9000
[kever|log]: 2020-07-11 12:53:13 | server is running...

[kever|log]: 2020-07-11 12:53:21 | load file...
[kever|error]: 2020-07-11 12:53:21 | Error: тип Unable to compile TypeScript:
[96msrc/app/services/test.ts[0m:[93m6[0m:[93m18[0m - [91merror[0m[90m TS2304: [0mCannot find name 'data'.

[7m6[0m     return await data
[7m [0m [91m                 ~~~~[0m

[kever|error]: 2020-07-11 12:53:21 | Error: тип Unable to compile TypeScript:
[96msrc/app/services/test.ts[0m:[93m6[0m:[93m18[0m - [91merror[0m[90m TS2304: [0mCannot find name 'data'.

[7m6[0m     return await data
[7m [0m [91m                 ~~~~[0m

[kever|error]: 2020-07-11 12:53:21 | Error: тип Unable to compile TypeScript:
[96msrc/app/services/test.ts[0m:[93m6[0m:[93m18[0m - [91merror[0m[90m TS2304: [0mCannot find name 'data'.

[7m6[0m     return await data
[7m [0m [91m                 ~~~~[0m

[kever|log]: 2020-07-11 12:53:21 | load file done
[kever|log]: 2020-07-11 12:53:21 | server listening http://127.0.0.1:9000
[kever|log]: 2020-07-11 12:53:21 | server is running...

[kever|log]: 2020-07-11 12:53:25 | load file...
[kever|log]: 2020-07-11 12:53:26 | load file done
[kever|log]: 2020-07-11 12:53:26 | server listening http://127.0.0.1:9000
[kever|log]: 2020-07-11 12:53:26 | server is running...

[kever|log]: 2020-07-11 12:53:44 | load file...
[kever|log]: 2020-07-11 12:53:44 | load file done
[kever|log]: 2020-07-11 12:53:44 | server listening http://127.0.0.1:9000
[kever|log]: 2020-07-11 12:53:44 | server is running...

[kever|log]: 2020-07-11 12:53:47 | load file...
[kever|log]: 2020-07-11 12:53:47 | load file done
[kever|log]: 2020-07-11 12:53:47 | server listening http://127.0.0.1:9000
[kever|log]: 2020-07-11 12:53:47 | server is running...

[kever|log]: 2020-07-11 12:54:02 | load file...
[kever|log]: 2020-07-11 12:54:02 | load file done
[kever|log]: 2020-07-11 12:54:02 | server listening http://127.0.0.1:9000
[kever|log]: 2020-07-11 12:54:02 | server is running...

[kever|log]: 2020-07-11 12:54:07 | load file...
[kever|log]: 2020-07-11 12:54:07 | load file done
[kever|log]: 2020-07-11 12:54:07 | server listening http://127.0.0.1:9000
[kever|log]: 2020-07-11 12:54:07 | server is running...

[kever|log]: 2020-07-11 12:54:32 | load file...
[kever|log]: 2020-07-11 12:54:32 | load file done
[kever|log]: 2020-07-11 12:54:32 | server listening http://127.0.0.1:9000
[kever|log]: 2020-07-11 12:54:32 | server is running...

[kever|log]: 2020-07-11 12:55:35 | load file...
[kever|log]: 2020-07-11 12:55:35 | load file done
[kever|log]: 2020-07-11 12:55:35 | server listening http://127.0.0.1:9000
[kever|log]: 2020-07-11 12:55:35 | server is running...

[kever|log]: 2020-07-11 12:55:40 | load file...
[kever|log]: 2020-07-11 12:55:40 | load file done
[kever|log]: 2020-07-11 12:55:40 | server listening http://127.0.0.1:9000
[kever|log]: 2020-07-11 12:55:40 | server is running...

[kever|log]: 2020-07-11 12:55:43 | load file...
[kever|log]: 2020-07-11 12:55:43 | load file done
[kever|log]: 2020-07-11 12:55:43 | server listening http://127.0.0.1:9000
[kever|log]: 2020-07-11 12:55:43 | server is running...

[kever|log]: 2020-07-11 12:56:09 | load file...
[kever|log]: 2020-07-11 12:56:09 | load file done
[kever|log]: 2020-07-11 12:56:09 | server listening http://127.0.0.1:9000
[kever|log]: 2020-07-11 12:56:09 | server is running...

[kever|log]: 2020-07-11 12:56:14 | load file...
[kever|log]: 2020-07-11 12:56:14 | load file done
[kever|log]: 2020-07-11 12:56:14 | server listening http://127.0.0.1:9000
[kever|log]: 2020-07-11 12:56:14 | server is running...

[kever|log]: 2020-07-11 12:56:19 | load file...
[kever|log]: 2020-07-11 12:56:19 | load file done
[kever|log]: 2020-07-11 12:56:19 | server listening http://127.0.0.1:9000
[kever|log]: 2020-07-11 12:56:19 | server is running...

[kever|log]: 2020-07-11 12:56:24 | load file...
[kever|log]: 2020-07-11 12:56:24 | load file done
[kever|log]: 2020-07-11 12:56:24 | server listening http://127.0.0.1:9000
[kever|log]: 2020-07-11 12:56:24 | server is running...

[kever|log]: 2020-07-11 12:56:28 | load file...
[kever|error]: 2020-07-11 12:56:28 | Error: тип Unable to compile TypeScript:
[96msrc/app/controllers/index.ts[0m:[93m30[0m:[93m11[0m - [91merror[0m[90m TS2451: [0mCannot redeclare block-scoped variable 'data'.

[7m30[0m     const data = await this.getData2()
[7m  [0m [91m          ~~~~[0m
[96msrc/app/controllers/index.ts[0m:[93m31[0m:[93m11[0m - [91merror[0m[90m TS2451: [0mCannot redeclare block-scoped variable 'data'.

[7m31[0m     const data = await this.indexService.getData()
[7m  [0m [91m          ~~~~[0m

[kever|log]: 2020-07-11 12:56:28 | load file done
[kever|log]: 2020-07-11 12:56:28 | server listening http://127.0.0.1:9000
[kever|log]: 2020-07-11 12:56:28 | server is running...

[kever|log]: 2020-07-11 12:56:31 | load file...
[kever|log]: 2020-07-11 12:56:31 | load file done
[kever|log]: 2020-07-11 12:56:31 | server listening http://127.0.0.1:9000
[kever|log]: 2020-07-11 12:56:31 | server is running...

[kever|log]: 2020-07-11 12:56:32 | load file...
[kever|log]: 2020-07-11 12:56:32 | load file done
[kever|log]: 2020-07-11 12:56:32 | server listening http://127.0.0.1:9000
[kever|log]: 2020-07-11 12:56:32 | server is running...

[kever|log]: 2020-07-11 12:56:43 | load file...
[kever|log]: 2020-07-11 12:56:43 | load file done
[kever|log]: 2020-07-11 12:56:43 | server listening http://127.0.0.1:9000
[kever|log]: 2020-07-11 12:56:43 | server is running...

[kever|log]: 2020-07-11 13:15:47 | load file...
[kever|log]: 2020-07-11 13:15:47 | load file done
[kever|log]: 2020-07-11 13:15:47 | server listening http://127.0.0.1:9000
[kever|log]: 2020-07-11 13:15:47 | server is running...